{"C:\\Users\\Mike\\Desktop\\WebDev\\myWebProjects\\react-practice\\menu\\menu-order\\src\\App.js": {"path":"C:\\Users\\Mike\\Desktop\\WebDev\\myWebProjects\\react-practice\\menu\\menu-order\\src\\App.js","statementMap":{"0":{"start":{"line":16,"column":19},"end":{"line":35,"column":5}},"1":{"start":{"line":37,"column":4},"end":{"line":40,"column":5}}},"fnMap":{"0":{"name":"App","decl":{"start":{"line":13,"column":9},"end":{"line":13,"column":12}},"loc":{"start":{"line":13,"column":15},"end":{"line":41,"column":1}},"line":13}},"branchMap":{},"s":{"0":0,"1":0},"f":{"0":0},"b":{}}
,"C:\\Users\\Mike\\Desktop\\WebDev\\myWebProjects\\react-practice\\menu\\menu-order\\src\\error-page.jsx": {"path":"C:\\Users\\Mike\\Desktop\\WebDev\\myWebProjects\\react-practice\\menu\\menu-order\\src\\error-page.jsx","statementMap":{"0":{"start":{"line":7,"column":2},"end":{"line":15,"column":4}}},"fnMap":{"0":{"name":"ErrorPage","decl":{"start":{"line":3,"column":24},"end":{"line":3,"column":33}},"loc":{"start":{"line":3,"column":36},"end":{"line":16,"column":1}},"line":3}},"branchMap":{},"s":{"0":0},"f":{"0":0},"b":{}}
,"C:\\Users\\Mike\\Desktop\\WebDev\\myWebProjects\\react-practice\\menu\\menu-order\\src\\index.js": {"path":"C:\\Users\\Mike\\Desktop\\WebDev\\myWebProjects\\react-practice\\menu\\menu-order\\src\\index.js","statementMap":{"0":{"start":{"line":8,"column":11},"end":{"line":8,"column":42}},"1":{"start":{"line":9,"column":13},"end":{"line":9,"column":36}},"2":{"start":{"line":12,"column":0},"end":{"line":18,"column":1}}},"fnMap":{},"branchMap":{},"s":{"0":0,"1":0,"2":0},"f":{},"b":{}}
,"C:\\Users\\Mike\\Desktop\\WebDev\\myWebProjects\\react-practice\\menu\\menu-order\\src\\components\\withSearch.js": {"path":"C:\\Users\\Mike\\Desktop\\WebDev\\myWebProjects\\react-practice\\menu\\menu-order\\src\\components\\withSearch.js","statementMap":{"0":{"start":{"line":10,"column":25},"end":{"line":73,"column":1}},"1":{"start":{"line":12,"column":25},"end":{"line":70,"column":5}},"2":{"start":{"line":13,"column":32},"end":{"line":13,"column":44}},"3":{"start":{"line":14,"column":32},"end":{"line":14,"column":43}},"4":{"start":{"line":15,"column":25},"end":{"line":15,"column":38}},"5":{"start":{"line":16,"column":22},"end":{"line":18,"column":10}},"6":{"start":{"line":17,"column":12},"end":{"line":17,"column":25}},"7":{"start":{"line":20,"column":29},"end":{"line":22,"column":9}},"8":{"start":{"line":21,"column":12},"end":{"line":21,"column":36}},"9":{"start":{"line":24,"column":29},"end":{"line":60,"column":9}},"10":{"start":{"line":25,"column":12},"end":{"line":27,"column":13}},"11":{"start":{"line":26,"column":16},"end":{"line":26,"column":40}},"12":{"start":{"line":29,"column":12},"end":{"line":31,"column":13}},"13":{"start":{"line":30,"column":16},"end":{"line":30,"column":33}},"14":{"start":{"line":34,"column":28},"end":{"line":38,"column":13}},"15":{"start":{"line":41,"column":12},"end":{"line":41,"column":48}},"16":{"start":{"line":43,"column":28},"end":{"line":43,"column":55}},"17":{"start":{"line":44,"column":12},"end":{"line":44,"column":48}},"18":{"start":{"line":48,"column":12},"end":{"line":50,"column":13}},"19":{"start":{"line":49,"column":16},"end":{"line":49,"column":103}},"20":{"start":{"line":52,"column":12},"end":{"line":54,"column":13}},"21":{"start":{"line":53,"column":16},"end":{"line":53,"column":27}},"22":{"start":{"line":56,"column":12},"end":{"line":58,"column":13}},"23":{"start":{"line":57,"column":16},"end":{"line":57,"column":43}},"24":{"start":{"line":62,"column":8},"end":{"line":69,"column":9}},"25":{"start":{"line":72,"column":4},"end":{"line":72,"column":24}}},"fnMap":{"0":{"name":"(anonymous_0)","decl":{"start":{"line":10,"column":25},"end":{"line":10,"column":26}},"loc":{"start":{"line":10,"column":48},"end":{"line":73,"column":1}},"line":10},"1":{"name":"(anonymous_1)","decl":{"start":{"line":12,"column":25},"end":{"line":12,"column":26}},"loc":{"start":{"line":12,"column":41},"end":{"line":70,"column":5}},"line":12},"2":{"name":"(anonymous_2)","decl":{"start":{"line":16,"column":34},"end":{"line":16,"column":35}},"loc":{"start":{"line":16,"column":45},"end":{"line":18,"column":9}},"line":16},"3":{"name":"(anonymous_3)","decl":{"start":{"line":20,"column":29},"end":{"line":20,"column":30}},"loc":{"start":{"line":20,"column":36},"end":{"line":22,"column":9}},"line":20},"4":{"name":"(anonymous_4)","decl":{"start":{"line":24,"column":29},"end":{"line":24,"column":30}},"loc":{"start":{"line":24,"column":54},"end":{"line":60,"column":9}},"line":24}},"branchMap":{"0":{"loc":{"start":{"line":25,"column":12},"end":{"line":27,"column":13}},"type":"if","locations":[{"start":{"line":25,"column":12},"end":{"line":27,"column":13}},{"start":{},"end":{}}],"line":25},"1":{"loc":{"start":{"line":29,"column":12},"end":{"line":31,"column":13}},"type":"if","locations":[{"start":{"line":29,"column":12},"end":{"line":31,"column":13}},{"start":{},"end":{}}],"line":29},"2":{"loc":{"start":{"line":35,"column":16},"end":{"line":35,"column":87}},"type":"cond-expr","locations":[{"start":{"line":35,"column":39},"end":{"line":35,"column":56}},{"start":{"line":35,"column":59},"end":{"line":35,"column":87}}],"line":35},"3":{"loc":{"start":{"line":35,"column":59},"end":{"line":35,"column":87}},"type":"cond-expr","locations":[{"start":{"line":35,"column":73},"end":{"line":35,"column":77}},{"start":{"line":35,"column":80},"end":{"line":35,"column":87}}],"line":35},"4":{"loc":{"start":{"line":36,"column":16},"end":{"line":36,"column":68}},"type":"cond-expr","locations":[{"start":{"line":36,"column":39},"end":{"line":36,"column":56}},{"start":{"line":36,"column":59},"end":{"line":36,"column":68}}],"line":36},"5":{"loc":{"start":{"line":37,"column":16},"end":{"line":37,"column":55}},"type":"cond-expr","locations":[{"start":{"line":37,"column":39},"end":{"line":37,"column":43}},{"start":{"line":37,"column":46},"end":{"line":37,"column":55}}],"line":37},"6":{"loc":{"start":{"line":48,"column":12},"end":{"line":50,"column":13}},"type":"if","locations":[{"start":{"line":48,"column":12},"end":{"line":50,"column":13}},{"start":{},"end":{}}],"line":48},"7":{"loc":{"start":{"line":48,"column":15},"end":{"line":48,"column":45}},"type":"binary-expr","locations":[{"start":{"line":48,"column":15},"end":{"line":48,"column":30}},{"start":{"line":48,"column":34},"end":{"line":48,"column":45}}],"line":48},"8":{"loc":{"start":{"line":49,"column":16},"end":{"line":49,"column":103}},"type":"binary-expr","locations":[{"start":{"line":49,"column":16},"end":{"line":49,"column":56}},{"start":{"line":49,"column":60},"end":{"line":49,"column":103}}],"line":49},"9":{"loc":{"start":{"line":49,"column":40},"end":{"line":49,"column":55}},"type":"binary-expr","locations":[{"start":{"line":49,"column":40},"end":{"line":49,"column":44}},{"start":{"line":49,"column":48},"end":{"line":49,"column":55}}],"line":49},"10":{"loc":{"start":{"line":49,"column":86},"end":{"line":49,"column":101}},"type":"binary-expr","locations":[{"start":{"line":49,"column":86},"end":{"line":49,"column":90}},{"start":{"line":49,"column":94},"end":{"line":49,"column":101}}],"line":49},"11":{"loc":{"start":{"line":52,"column":12},"end":{"line":54,"column":13}},"type":"if","locations":[{"start":{"line":52,"column":12},"end":{"line":54,"column":13}},{"start":{},"end":{}}],"line":52},"12":{"loc":{"start":{"line":56,"column":12},"end":{"line":58,"column":13}},"type":"if","locations":[{"start":{"line":56,"column":12},"end":{"line":58,"column":13}},{"start":{},"end":{}}],"line":56}},"s":{"0":0,"1":0,"2":0,"3":0,"4":0,"5":0,"6":0,"7":0,"8":0,"9":0,"10":0,"11":0,"12":0,"13":0,"14":0,"15":0,"16":0,"17":0,"18":0,"19":0,"20":0,"21":0,"22":0,"23":0,"24":0,"25":0},"f":{"0":0,"1":0,"2":0,"3":0,"4":0},"b":{"0":[0,0],"1":[0,0],"2":[0,0],"3":[0,0],"4":[0,0],"5":[0,0],"6":[0,0],"7":[0,0],"8":[0,0],"9":[0,0],"10":[0,0],"11":[0,0],"12":[0,0]}}
,"C:\\Users\\Mike\\Desktop\\WebDev\\myWebProjects\\react-practice\\menu\\menu-order\\src\\components\\Cart\\Cart.js": {"path":"C:\\Users\\Mike\\Desktop\\WebDev\\myWebProjects\\react-practice\\menu\\menu-order\\src\\components\\Cart\\Cart.js","statementMap":{"0":{"start":{"line":19,"column":21},"end":{"line":19,"column":34}},"1":{"start":{"line":20,"column":17},"end":{"line":22,"column":6}},"2":{"start":{"line":21,"column":8},"end":{"line":21,"column":25}},"3":{"start":{"line":27,"column":28},"end":{"line":29,"column":5}},"4":{"start":{"line":28,"column":8},"end":{"line":28,"column":101}},"5":{"start":{"line":31,"column":24},"end":{"line":34,"column":5}},"6":{"start":{"line":32,"column":8},"end":{"line":32,"column":36}},"7":{"start":{"line":33,"column":8},"end":{"line":33,"column":115}},"8":{"start":{"line":36,"column":23},"end":{"line":42,"column":6}},"9":{"start":{"line":37,"column":8},"end":{"line":41,"column":9}},"10":{"start":{"line":45,"column":8},"end":{"line":51,"column":18}},"11":{"start":{"line":53,"column":4},"end":{"line":68,"column":5}}},"fnMap":{"0":{"name":"Cart","decl":{"start":{"line":18,"column":9},"end":{"line":18,"column":13}},"loc":{"start":{"line":18,"column":16},"end":{"line":69,"column":1}},"line":18},"1":{"name":"(anonymous_1)","decl":{"start":{"line":20,"column":29},"end":{"line":20,"column":30}},"loc":{"start":{"line":20,"column":40},"end":{"line":22,"column":5}},"line":20},"2":{"name":"(anonymous_2)","decl":{"start":{"line":27,"column":28},"end":{"line":27,"column":29}},"loc":{"start":{"line":27,"column":34},"end":{"line":29,"column":5}},"line":27},"3":{"name":"(anonymous_3)","decl":{"start":{"line":31,"column":24},"end":{"line":31,"column":25}},"loc":{"start":{"line":31,"column":32},"end":{"line":34,"column":5}},"line":31},"4":{"name":"(anonymous_4)","decl":{"start":{"line":36,"column":32},"end":{"line":36,"column":33}},"loc":{"start":{"line":36,"column":40},"end":{"line":42,"column":5}},"line":36}},"branchMap":{"0":{"loc":{"start":{"line":59,"column":13},"end":{"line":65,"column":40}},"type":"cond-expr","locations":[{"start":{"line":61,"column":16},"end":{"line":63,"column":22}},{"start":{"line":65,"column":18},"end":{"line":65,"column":40}}],"line":59}},"s":{"0":0,"1":0,"2":0,"3":0,"4":0,"5":0,"6":0,"7":0,"8":0,"9":0,"10":0,"11":0},"f":{"0":0,"1":0,"2":0,"3":0,"4":0},"b":{"0":[0,0]}}
,"C:\\Users\\Mike\\Desktop\\WebDev\\myWebProjects\\react-practice\\menu\\menu-order\\src\\components\\Cart\\CartItem.js": {"path":"C:\\Users\\Mike\\Desktop\\WebDev\\myWebProjects\\react-practice\\menu\\menu-order\\src\\components\\Cart\\CartItem.js","statementMap":{"0":{"start":{"line":11,"column":18},"end":{"line":13,"column":5}},"1":{"start":{"line":12,"column":8},"end":{"line":12,"column":94}},"2":{"start":{"line":15,"column":4},"end":{"line":52,"column":5}},"3":{"start":{"line":46,"column":43},"end":{"line":46,"column":63}},"4":{"start":{"line":55,"column":0},"end":{"line":59,"column":1}}},"fnMap":{"0":{"name":"CartItem","decl":{"start":{"line":10,"column":24},"end":{"line":10,"column":32}},"loc":{"start":{"line":10,"column":71},"end":{"line":53,"column":1}},"line":10},"1":{"name":"(anonymous_1)","decl":{"start":{"line":11,"column":18},"end":{"line":11,"column":19}},"loc":{"start":{"line":11,"column":28},"end":{"line":13,"column":5}},"line":11},"2":{"name":"(anonymous_2)","decl":{"start":{"line":46,"column":37},"end":{"line":46,"column":38}},"loc":{"start":{"line":46,"column":43},"end":{"line":46,"column":63}},"line":46}},"branchMap":{},"s":{"0":0,"1":0,"2":0,"3":0,"4":0},"f":{"0":0,"1":0,"2":0},"b":{}}
,"C:\\Users\\Mike\\Desktop\\WebDev\\myWebProjects\\react-practice\\menu\\menu-order\\src\\components\\Cart\\CartTotal.js": {"path":"C:\\Users\\Mike\\Desktop\\WebDev\\myWebProjects\\react-practice\\menu\\menu-order\\src\\components\\Cart\\CartTotal.js","statementMap":{"0":{"start":{"line":8,"column":25},"end":{"line":8,"column":129}},"1":{"start":{"line":8,"column":52},"end":{"line":8,"column":125}},"2":{"start":{"line":10,"column":21},"end":{"line":10,"column":52}},"3":{"start":{"line":12,"column":4},"end":{"line":18,"column":5}},"4":{"start":{"line":21,"column":0},"end":{"line":23,"column":1}}},"fnMap":{"0":{"name":"CartTotal","decl":{"start":{"line":6,"column":24},"end":{"line":6,"column":33}},"loc":{"start":{"line":6,"column":42},"end":{"line":19,"column":1}},"line":6},"1":{"name":"(anonymous_1)","decl":{"start":{"line":8,"column":37},"end":{"line":8,"column":38}},"loc":{"start":{"line":8,"column":52},"end":{"line":8,"column":125}},"line":8}},"branchMap":{"0":{"loc":{"start":{"line":10,"column":21},"end":{"line":10,"column":52}},"type":"cond-expr","locations":[{"start":{"line":10,"column":40},"end":{"line":10,"column":45}},{"start":{"line":10,"column":48},"end":{"line":10,"column":52}}],"line":10}},"s":{"0":0,"1":0,"2":0,"3":0,"4":0},"f":{"0":0,"1":0},"b":{"0":[0,0]}}
,"C:\\Users\\Mike\\Desktop\\WebDev\\myWebProjects\\react-practice\\menu\\menu-order\\src\\components\\History\\History.js": {"path":"C:\\Users\\Mike\\Desktop\\WebDev\\myWebProjects\\react-practice\\menu\\menu-order\\src\\components\\History\\History.js","statementMap":{"0":{"start":{"line":17,"column":17},"end":{"line":17,"column":26}},"1":{"start":{"line":18,"column":15},"end":{"line":18,"column":23}},"2":{"start":{"line":19,"column":21},"end":{"line":19,"column":34}},"3":{"start":{"line":21,"column":18},"end":{"line":23,"column":5}},"4":{"start":{"line":22,"column":8},"end":{"line":22,"column":29}},"5":{"start":{"line":25,"column":23},"end":{"line":29,"column":5}},"6":{"start":{"line":26,"column":8},"end":{"line":28,"column":9}},"7":{"start":{"line":27,"column":12},"end":{"line":27,"column":20}},"8":{"start":{"line":31,"column":4},"end":{"line":37,"column":10}},"9":{"start":{"line":32,"column":8},"end":{"line":32,"column":67}},"10":{"start":{"line":32,"column":46},"end":{"line":32,"column":59}},"11":{"start":{"line":34,"column":8},"end":{"line":36,"column":9}},"12":{"start":{"line":35,"column":12},"end":{"line":35,"column":68}},"13":{"start":{"line":35,"column":53},"end":{"line":35,"column":66}},"14":{"start":{"line":39,"column":25},"end":{"line":42,"column":5}},"15":{"start":{"line":40,"column":8},"end":{"line":40,"column":27}},"16":{"start":{"line":41,"column":8},"end":{"line":41,"column":32}},"17":{"start":{"line":44,"column":26},"end":{"line":48,"column":6}},"18":{"start":{"line":45,"column":8},"end":{"line":47,"column":9}},"19":{"start":{"line":46,"column":56},"end":{"line":46,"column":80}},"20":{"start":{"line":50,"column":4},"end":{"line":70,"column":5}},"21":{"start":{"line":56,"column":45},"end":{"line":56,"column":66}},"22":{"start":{"line":66,"column":40},"end":{"line":66,"column":55}},"23":{"start":{"line":75,"column":0},"end":{"line":79,"column":1}}},"fnMap":{"0":{"name":"History","decl":{"start":{"line":16,"column":9},"end":{"line":16,"column":16}},"loc":{"start":{"line":16,"column":71},"end":{"line":71,"column":1}},"line":16},"1":{"name":"(anonymous_1)","decl":{"start":{"line":21,"column":18},"end":{"line":21,"column":19}},"loc":{"start":{"line":21,"column":24},"end":{"line":23,"column":5}},"line":21},"2":{"name":"(anonymous_2)","decl":{"start":{"line":25,"column":23},"end":{"line":25,"column":24}},"loc":{"start":{"line":25,"column":30},"end":{"line":29,"column":5}},"line":25},"3":{"name":"(anonymous_3)","decl":{"start":{"line":31,"column":14},"end":{"line":31,"column":15}},"loc":{"start":{"line":31,"column":20},"end":{"line":37,"column":5}},"line":31},"4":{"name":"(anonymous_4)","decl":{"start":{"line":32,"column":41},"end":{"line":32,"column":42}},"loc":{"start":{"line":32,"column":46},"end":{"line":32,"column":59}},"line":32},"5":{"name":"(anonymous_5)","decl":{"start":{"line":34,"column":15},"end":{"line":34,"column":16}},"loc":{"start":{"line":34,"column":21},"end":{"line":36,"column":9}},"line":34},"6":{"name":"(anonymous_6)","decl":{"start":{"line":35,"column":48},"end":{"line":35,"column":49}},"loc":{"start":{"line":35,"column":53},"end":{"line":35,"column":66}},"line":35},"7":{"name":"(anonymous_7)","decl":{"start":{"line":39,"column":25},"end":{"line":39,"column":26}},"loc":{"start":{"line":39,"column":32},"end":{"line":42,"column":5}},"line":39},"8":{"name":"(anonymous_8)","decl":{"start":{"line":44,"column":38},"end":{"line":44,"column":39}},"loc":{"start":{"line":44,"column":55},"end":{"line":48,"column":5}},"line":44},"9":{"name":"(anonymous_9)","decl":{"start":{"line":46,"column":50},"end":{"line":46,"column":51}},"loc":{"start":{"line":46,"column":56},"end":{"line":46,"column":80}},"line":46},"10":{"name":"(anonymous_10)","decl":{"start":{"line":56,"column":39},"end":{"line":56,"column":40}},"loc":{"start":{"line":56,"column":45},"end":{"line":56,"column":66}},"line":56},"11":{"name":"(anonymous_11)","decl":{"start":{"line":66,"column":33},"end":{"line":66,"column":34}},"loc":{"start":{"line":66,"column":40},"end":{"line":66,"column":55}},"line":66}},"branchMap":{"0":{"loc":{"start":{"line":26,"column":8},"end":{"line":28,"column":9}},"type":"if","locations":[{"start":{"line":26,"column":8},"end":{"line":28,"column":9}},{"start":{},"end":{}}],"line":26},"1":{"loc":{"start":{"line":26,"column":11},"end":{"line":26,"column":55}},"type":"binary-expr","locations":[{"start":{"line":26,"column":11},"end":{"line":26,"column":21}},{"start":{"line":26,"column":25},"end":{"line":26,"column":55}}],"line":26}},"s":{"0":0,"1":0,"2":0,"3":0,"4":0,"5":0,"6":0,"7":0,"8":0,"9":0,"10":0,"11":0,"12":0,"13":0,"14":0,"15":0,"16":0,"17":0,"18":0,"19":0,"20":0,"21":0,"22":0,"23":0},"f":{"0":0,"1":0,"2":0,"3":0,"4":0,"5":0,"6":0,"7":0,"8":0,"9":0,"10":0,"11":0},"b":{"0":[0,0],"1":[0,0]}}
,"C:\\Users\\Mike\\Desktop\\WebDev\\myWebProjects\\react-practice\\menu\\menu-order\\src\\components\\HomeNav\\Footer.js": {"path":"C:\\Users\\Mike\\Desktop\\WebDev\\myWebProjects\\react-practice\\menu\\menu-order\\src\\components\\HomeNav\\Footer.js","statementMap":{"0":{"start":{"line":10,"column":4},"end":{"line":15,"column":5}}},"fnMap":{"0":{"name":"Footer","decl":{"start":{"line":8,"column":24},"end":{"line":8,"column":30}},"loc":{"start":{"line":8,"column":33},"end":{"line":16,"column":1}},"line":8}},"branchMap":{},"s":{"0":1},"f":{"0":1},"b":{},"_coverageSchema":"1a1c01bbd47fc00a2c39e90264f33305004495a9","hash":"3efd0b33d72662b78ed5f460edf8f25379257933"}
,"C:\\Users\\Mike\\Desktop\\WebDev\\myWebProjects\\react-practice\\menu\\menu-order\\src\\components\\HomeNav\\Logo.js": {"path":"C:\\Users\\Mike\\Desktop\\WebDev\\myWebProjects\\react-practice\\menu\\menu-order\\src\\components\\HomeNav\\Logo.js","statementMap":{"0":{"start":{"line":8,"column":4},"end":{"line":24,"column":5}}},"fnMap":{"0":{"name":"Logo","decl":{"start":{"line":6,"column":24},"end":{"line":6,"column":28}},"loc":{"start":{"line":6,"column":31},"end":{"line":25,"column":1}},"line":6}},"branchMap":{},"s":{"0":3},"f":{"0":3},"b":{},"_coverageSchema":"1a1c01bbd47fc00a2c39e90264f33305004495a9","hash":"c5b334426024be40da12ad97bf53bd845ceb967f"}
,"C:\\Users\\Mike\\Desktop\\WebDev\\myWebProjects\\react-practice\\menu\\menu-order\\src\\components\\Image\\Image.js": {"path":"C:\\Users\\Mike\\Desktop\\WebDev\\myWebProjects\\react-practice\\menu\\menu-order\\src\\components\\Image\\Image.js","statementMap":{"0":{"start":{"line":12,"column":19},"end":{"line":12,"column":27}},"1":{"start":{"line":13,"column":40},"end":{"line":13,"column":54}},"2":{"start":{"line":15,"column":20},"end":{"line":15,"column":41}},"3":{"start":{"line":17,"column":28},"end":{"line":21,"column":5}},"4":{"start":{"line":18,"column":8},"end":{"line":18,"column":50}},"5":{"start":{"line":20,"column":8},"end":{"line":20,"column":26}},"6":{"start":{"line":23,"column":27},"end":{"line":26,"column":5}},"7":{"start":{"line":24,"column":8},"end":{"line":24,"column":50}},"8":{"start":{"line":25,"column":8},"end":{"line":25,"column":26}},"9":{"start":{"line":29,"column":22},"end":{"line":41,"column":5}},"10":{"start":{"line":30,"column":27},"end":{"line":30,"column":48}},"11":{"start":{"line":31,"column":8},"end":{"line":40,"column":9}},"12":{"start":{"line":33,"column":16},"end":{"line":33,"column":48}},"13":{"start":{"line":35,"column":16},"end":{"line":35,"column":50}},"14":{"start":{"line":37,"column":16},"end":{"line":37,"column":47}},"15":{"start":{"line":39,"column":16},"end":{"line":39,"column":50}},"16":{"start":{"line":43,"column":20},"end":{"line":43,"column":46}},"17":{"start":{"line":45,"column":4},"end":{"line":66,"column":5}},"18":{"start":{"line":69,"column":0},"end":{"line":72,"column":1}}},"fnMap":{"0":{"name":"Image","decl":{"start":{"line":11,"column":24},"end":{"line":11,"column":29}},"loc":{"start":{"line":11,"column":68},"end":{"line":67,"column":1}},"line":11},"1":{"name":"(anonymous_1)","decl":{"start":{"line":17,"column":28},"end":{"line":17,"column":29}},"loc":{"start":{"line":17,"column":34},"end":{"line":21,"column":5}},"line":17},"2":{"name":"(anonymous_2)","decl":{"start":{"line":23,"column":27},"end":{"line":23,"column":28}},"loc":{"start":{"line":23,"column":33},"end":{"line":26,"column":5}},"line":23},"3":{"name":"(anonymous_3)","decl":{"start":{"line":29,"column":22},"end":{"line":29,"column":23}},"loc":{"start":{"line":29,"column":28},"end":{"line":41,"column":5}},"line":29}},"branchMap":{"0":{"loc":{"start":{"line":31,"column":8},"end":{"line":40,"column":9}},"type":"switch","locations":[{"start":{"line":32,"column":12},"end":{"line":33,"column":48}},{"start":{"line":34,"column":12},"end":{"line":35,"column":50}},{"start":{"line":36,"column":12},"end":{"line":37,"column":47}},{"start":{"line":38,"column":12},"end":{"line":39,"column":50}}],"line":31},"1":{"loc":{"start":{"line":43,"column":20},"end":{"line":43,"column":46}},"type":"cond-expr","locations":[{"start":{"line":43,"column":32},"end":{"line":43,"column":41}},{"start":{"line":43,"column":44},"end":{"line":43,"column":46}}],"line":43}},"s":{"0":0,"1":0,"2":0,"3":0,"4":0,"5":0,"6":0,"7":0,"8":0,"9":0,"10":0,"11":0,"12":0,"13":0,"14":0,"15":0,"16":0,"17":0,"18":0},"f":{"0":0,"1":0,"2":0,"3":0},"b":{"0":[0,0,0,0],"1":[0,0]}}
,"C:\\Users\\Mike\\Desktop\\WebDev\\myWebProjects\\react-practice\\menu\\menu-order\\src\\components\\Products\\AllProducts.js": {"path":"C:\\Users\\Mike\\Desktop\\WebDev\\myWebProjects\\react-practice\\menu\\menu-order\\src\\components\\Products\\AllProducts.js","statementMap":{"0":{"start":{"line":17,"column":31},"end":{"line":17,"column":52}},"1":{"start":{"line":19,"column":27},"end":{"line":50,"column":6}},"2":{"start":{"line":21,"column":8},"end":{"line":49,"column":9}},"3":{"start":{"line":52,"column":4},"end":{"line":54,"column":5}},"4":{"start":{"line":53,"column":8},"end":{"line":53,"column":51}},"5":{"start":{"line":56,"column":4},"end":{"line":62,"column":5}},"6":{"start":{"line":68,"column":0},"end":{"line":71,"column":1}}},"fnMap":{"0":{"name":"Products","decl":{"start":{"line":16,"column":9},"end":{"line":16,"column":17}},"loc":{"start":{"line":16,"column":40},"end":{"line":63,"column":1}},"line":16},"1":{"name":"(anonymous_1)","decl":{"start":{"line":19,"column":57},"end":{"line":19,"column":58}},"loc":{"start":{"line":19,"column":66},"end":{"line":50,"column":5}},"line":19}},"branchMap":{"0":{"loc":{"start":{"line":19,"column":27},"end":{"line":50,"column":6}},"type":"binary-expr","locations":[{"start":{"line":19,"column":27},"end":{"line":19,"column":34}},{"start":{"line":19,"column":38},"end":{"line":50,"column":6}}],"line":19},"1":{"loc":{"start":{"line":28,"column":52},"end":{"line":28,"column":166}},"type":"cond-expr","locations":[{"start":{"line":28,"column":85},"end":{"line":28,"column":122}},{"start":{"line":28,"column":125},"end":{"line":28,"column":166}}],"line":28},"2":{"loc":{"start":{"line":29,"column":58},"end":{"line":29,"column":84}},"type":"binary-expr","locations":[{"start":{"line":29,"column":58},"end":{"line":29,"column":74}},{"start":{"line":29,"column":78},"end":{"line":29,"column":84}}],"line":29},"3":{"loc":{"start":{"line":52,"column":4},"end":{"line":54,"column":5}},"type":"if","locations":[{"start":{"line":52,"column":4},"end":{"line":54,"column":5}},{"start":{},"end":{}}],"line":52},"4":{"loc":{"start":{"line":52,"column":7},"end":{"line":52,"column":64}},"type":"binary-expr","locations":[{"start":{"line":52,"column":7},"end":{"line":52,"column":15}},{"start":{"line":52,"column":19},"end":{"line":52,"column":40}},{"start":{"line":52,"column":44},"end":{"line":52,"column":64}}],"line":52},"5":{"loc":{"start":{"line":58,"column":13},"end":{"line":58,"column":59}},"type":"cond-expr","locations":[{"start":{"line":58,"column":37},"end":{"line":58,"column":51}},{"start":{"line":58,"column":54},"end":{"line":58,"column":59}}],"line":58}},"s":{"0":0,"1":0,"2":0,"3":0,"4":0,"5":0,"6":0},"f":{"0":0,"1":0},"b":{"0":[0,0],"1":[0,0],"2":[0,0],"3":[0,0],"4":[0,0,0],"5":[0,0]}}
,"C:\\Users\\Mike\\Desktop\\WebDev\\myWebProjects\\react-practice\\menu\\menu-order\\src\\components\\Products\\EditProduct.js": {"path":"C:\\Users\\Mike\\Desktop\\WebDev\\myWebProjects\\react-practice\\menu\\menu-order\\src\\components\\Products\\EditProduct.js","statementMap":{},"fnMap":{},"branchMap":{},"s":{},"f":{},"b":{}}
,"C:\\Users\\Mike\\Desktop\\WebDev\\myWebProjects\\react-practice\\menu\\menu-order\\src\\components\\Products\\PhotoModal.js": {"path":"C:\\Users\\Mike\\Desktop\\WebDev\\myWebProjects\\react-practice\\menu\\menu-order\\src\\components\\Products\\PhotoModal.js","statementMap":{"0":{"start":{"line":16,"column":15},"end":{"line":16,"column":23}},"1":{"start":{"line":17,"column":20},"end":{"line":17,"column":41}},"2":{"start":{"line":19,"column":18},"end":{"line":21,"column":5}},"3":{"start":{"line":20,"column":8},"end":{"line":20,"column":29}},"4":{"start":{"line":23,"column":23},"end":{"line":27,"column":5}},"5":{"start":{"line":24,"column":8},"end":{"line":26,"column":9}},"6":{"start":{"line":25,"column":12},"end":{"line":25,"column":20}},"7":{"start":{"line":29,"column":4},"end":{"line":35,"column":10}},"8":{"start":{"line":30,"column":8},"end":{"line":30,"column":67}},"9":{"start":{"line":30,"column":46},"end":{"line":30,"column":59}},"10":{"start":{"line":32,"column":8},"end":{"line":34,"column":9}},"11":{"start":{"line":33,"column":12},"end":{"line":33,"column":68}},"12":{"start":{"line":33,"column":53},"end":{"line":33,"column":66}},"13":{"start":{"line":37,"column":4},"end":{"line":50,"column":5}},"14":{"start":{"line":39,"column":64},"end":{"line":39,"column":85}},"15":{"start":{"line":53,"column":0},"end":{"line":57,"column":1}}},"fnMap":{"0":{"name":"PhotoModal","decl":{"start":{"line":15,"column":24},"end":{"line":15,"column":34}},"loc":{"start":{"line":15,"column":73},"end":{"line":51,"column":1}},"line":15},"1":{"name":"(anonymous_1)","decl":{"start":{"line":19,"column":18},"end":{"line":19,"column":19}},"loc":{"start":{"line":19,"column":24},"end":{"line":21,"column":5}},"line":19},"2":{"name":"(anonymous_2)","decl":{"start":{"line":23,"column":23},"end":{"line":23,"column":24}},"loc":{"start":{"line":23,"column":30},"end":{"line":27,"column":5}},"line":23},"3":{"name":"(anonymous_3)","decl":{"start":{"line":29,"column":14},"end":{"line":29,"column":15}},"loc":{"start":{"line":29,"column":20},"end":{"line":35,"column":5}},"line":29},"4":{"name":"(anonymous_4)","decl":{"start":{"line":30,"column":41},"end":{"line":30,"column":42}},"loc":{"start":{"line":30,"column":46},"end":{"line":30,"column":59}},"line":30},"5":{"name":"(anonymous_5)","decl":{"start":{"line":32,"column":15},"end":{"line":32,"column":16}},"loc":{"start":{"line":32,"column":21},"end":{"line":34,"column":9}},"line":32},"6":{"name":"(anonymous_6)","decl":{"start":{"line":33,"column":48},"end":{"line":33,"column":49}},"loc":{"start":{"line":33,"column":53},"end":{"line":33,"column":66}},"line":33},"7":{"name":"(anonymous_7)","decl":{"start":{"line":39,"column":58},"end":{"line":39,"column":59}},"loc":{"start":{"line":39,"column":64},"end":{"line":39,"column":85}},"line":39}},"branchMap":{"0":{"loc":{"start":{"line":24,"column":8},"end":{"line":26,"column":9}},"type":"if","locations":[{"start":{"line":24,"column":8},"end":{"line":26,"column":9}},{"start":{},"end":{}}],"line":24},"1":{"loc":{"start":{"line":24,"column":11},"end":{"line":24,"column":55}},"type":"binary-expr","locations":[{"start":{"line":24,"column":11},"end":{"line":24,"column":21}},{"start":{"line":24,"column":25},"end":{"line":24,"column":55}}],"line":24}},"s":{"0":0,"1":0,"2":0,"3":0,"4":0,"5":0,"6":0,"7":0,"8":0,"9":0,"10":0,"11":0,"12":0,"13":0,"14":0,"15":0},"f":{"0":0,"1":0,"2":0,"3":0,"4":0,"5":0,"6":0,"7":0},"b":{"0":[0,0],"1":[0,0]}}
,"C:\\Users\\Mike\\Desktop\\WebDev\\myWebProjects\\react-practice\\menu\\menu-order\\src\\components\\Products\\Product.js": {"path":"C:\\Users\\Mike\\Desktop\\WebDev\\myWebProjects\\react-practice\\menu\\menu-order\\src\\components\\Products\\Product.js","statementMap":{"0":{"start":{"line":27,"column":44},"end":{"line":27,"column":59}},"1":{"start":{"line":28,"column":30},"end":{"line":28,"column":42}},"2":{"start":{"line":29,"column":39},"end":{"line":29,"column":53}},"3":{"start":{"line":30,"column":48},"end":{"line":30,"column":60}},"4":{"start":{"line":31,"column":21},"end":{"line":31,"column":34}},"5":{"start":{"line":33,"column":4},"end":{"line":38,"column":23}},"6":{"start":{"line":34,"column":8},"end":{"line":34,"column":63}},"7":{"start":{"line":36,"column":8},"end":{"line":36,"column":95}},"8":{"start":{"line":40,"column":4},"end":{"line":59,"column":23}},"9":{"start":{"line":42,"column":8},"end":{"line":49,"column":9}},"10":{"start":{"line":43,"column":12},"end":{"line":47,"column":14}},"11":{"start":{"line":48,"column":12},"end":{"line":48,"column":26}},"12":{"start":{"line":51,"column":8},"end":{"line":58,"column":9}},"13":{"start":{"line":52,"column":12},"end":{"line":56,"column":14}},"14":{"start":{"line":57,"column":12},"end":{"line":57,"column":41}},"15":{"start":{"line":61,"column":30},"end":{"line":61,"column":51}},"16":{"start":{"line":63,"column":23},"end":{"line":65,"column":5}},"17":{"start":{"line":64,"column":8},"end":{"line":64,"column":20}},"18":{"start":{"line":68,"column":23},"end":{"line":87,"column":5}},"19":{"start":{"line":70,"column":8},"end":{"line":70,"column":27}},"20":{"start":{"line":71,"column":25},"end":{"line":76,"column":9}},"21":{"start":{"line":78,"column":8},"end":{"line":78,"column":100}},"22":{"start":{"line":80,"column":8},"end":{"line":85,"column":9}},"23":{"start":{"line":81,"column":12},"end":{"line":81,"column":121}},"24":{"start":{"line":83,"column":12},"end":{"line":83,"column":113}},"25":{"start":{"line":89,"column":27},"end":{"line":91,"column":5}},"26":{"start":{"line":90,"column":8},"end":{"line":90,"column":36}},"27":{"start":{"line":93,"column":26},"end":{"line":157,"column":17}},"28":{"start":{"line":152,"column":48},"end":{"line":152,"column":70}},"29":{"start":{"line":159,"column":4},"end":{"line":161,"column":5}},"30":{"start":{"line":160,"column":8},"end":{"line":160,"column":44}},"31":{"start":{"line":163,"column":4},"end":{"line":169,"column":5}},"32":{"start":{"line":174,"column":0},"end":{"line":178,"column":1}}},"fnMap":{"0":{"name":"Product","decl":{"start":{"line":26,"column":9},"end":{"line":26,"column":16}},"loc":{"start":{"line":26,"column":45},"end":{"line":170,"column":1}},"line":26},"1":{"name":"(anonymous_1)","decl":{"start":{"line":33,"column":14},"end":{"line":33,"column":15}},"loc":{"start":{"line":33,"column":20},"end":{"line":38,"column":5}},"line":33},"2":{"name":"(anonymous_2)","decl":{"start":{"line":40,"column":14},"end":{"line":40,"column":15}},"loc":{"start":{"line":40,"column":20},"end":{"line":59,"column":5}},"line":40},"3":{"name":"(anonymous_3)","decl":{"start":{"line":63,"column":23},"end":{"line":63,"column":24}},"loc":{"start":{"line":63,"column":32},"end":{"line":65,"column":5}},"line":63},"4":{"name":"(anonymous_4)","decl":{"start":{"line":68,"column":23},"end":{"line":68,"column":24}},"loc":{"start":{"line":68,"column":39},"end":{"line":87,"column":5}},"line":68},"5":{"name":"(anonymous_5)","decl":{"start":{"line":89,"column":27},"end":{"line":89,"column":28}},"loc":{"start":{"line":89,"column":33},"end":{"line":91,"column":5}},"line":89},"6":{"name":"(anonymous_6)","decl":{"start":{"line":152,"column":41},"end":{"line":152,"column":42}},"loc":{"start":{"line":152,"column":48},"end":{"line":152,"column":70}},"line":152}},"branchMap":{"0":{"loc":{"start":{"line":36,"column":8},"end":{"line":36,"column":95}},"type":"cond-expr","locations":[{"start":{"line":36,"column":34},"end":{"line":36,"column":59}},{"start":{"line":36,"column":62},"end":{"line":36,"column":95}}],"line":36},"1":{"loc":{"start":{"line":42,"column":8},"end":{"line":49,"column":9}},"type":"if","locations":[{"start":{"line":42,"column":8},"end":{"line":49,"column":9}},{"start":{},"end":{}}],"line":42},"2":{"loc":{"start":{"line":51,"column":8},"end":{"line":58,"column":9}},"type":"if","locations":[{"start":{"line":51,"column":8},"end":{"line":58,"column":9}},{"start":{},"end":{}}],"line":51},"3":{"loc":{"start":{"line":75,"column":16},"end":{"line":75,"column":38}},"type":"binary-expr","locations":[{"start":{"line":75,"column":16},"end":{"line":75,"column":26}},{"start":{"line":75,"column":30},"end":{"line":75,"column":38}}],"line":75},"4":{"loc":{"start":{"line":78,"column":8},"end":{"line":78,"column":100}},"type":"cond-expr","locations":[{"start":{"line":78,"column":34},"end":{"line":78,"column":63}},{"start":{"line":78,"column":66},"end":{"line":78,"column":100}}],"line":78},"5":{"loc":{"start":{"line":80,"column":8},"end":{"line":85,"column":9}},"type":"if","locations":[{"start":{"line":80,"column":8},"end":{"line":85,"column":9}},{"start":{"line":82,"column":15},"end":{"line":85,"column":9}}],"line":80},"6":{"loc":{"start":{"line":93,"column":26},"end":{"line":157,"column":17}},"type":"binary-expr","locations":[{"start":{"line":93,"column":26},"end":{"line":93,"column":39}},{"start":{"line":95,"column":20},"end":{"line":156,"column":30}}],"line":93},"7":{"loc":{"start":{"line":98,"column":29},"end":{"line":103,"column":46}},"type":"cond-expr","locations":[{"start":{"line":99,"column":32},"end":{"line":103,"column":34}},{"start":{"line":103,"column":37},"end":{"line":103,"column":46}}],"line":98},"8":{"loc":{"start":{"line":106,"column":29},"end":{"line":114,"column":29}},"type":"binary-expr","locations":[{"start":{"line":106,"column":29},"end":{"line":106,"column":40}},{"start":{"line":106,"column":44},"end":{"line":114,"column":29}}],"line":106},"9":{"loc":{"start":{"line":119,"column":66},"end":{"line":119,"column":204}},"type":"cond-expr","locations":[{"start":{"line":119,"column":107},"end":{"line":119,"column":152}},{"start":{"line":119,"column":155},"end":{"line":119,"column":204}}],"line":119},"10":{"loc":{"start":{"line":121,"column":33},"end":{"line":131,"column":46}},"type":"cond-expr","locations":[{"start":{"line":122,"column":32},"end":{"line":130,"column":40}},{"start":{"line":131,"column":34},"end":{"line":131,"column":46}}],"line":121},"11":{"loc":{"start":{"line":153,"column":71},"end":{"line":153,"column":126}},"type":"cond-expr","locations":[{"start":{"line":153,"column":97},"end":{"line":153,"column":110}},{"start":{"line":153,"column":113},"end":{"line":153,"column":126}}],"line":153},"12":{"loc":{"start":{"line":159,"column":4},"end":{"line":161,"column":5}},"type":"if","locations":[{"start":{"line":159,"column":4},"end":{"line":161,"column":5}},{"start":{},"end":{}}],"line":159},"13":{"loc":{"start":{"line":165,"column":13},"end":{"line":165,"column":97}},"type":"binary-expr","locations":[{"start":{"line":165,"column":13},"end":{"line":165,"column":33}},{"start":{"line":165,"column":37},"end":{"line":165,"column":97}}],"line":165}},"s":{"0":0,"1":0,"2":0,"3":0,"4":0,"5":0,"6":0,"7":0,"8":0,"9":0,"10":0,"11":0,"12":0,"13":0,"14":0,"15":0,"16":0,"17":0,"18":0,"19":0,"20":0,"21":0,"22":0,"23":0,"24":0,"25":0,"26":0,"27":0,"28":0,"29":0,"30":0,"31":0,"32":0},"f":{"0":0,"1":0,"2":0,"3":0,"4":0,"5":0,"6":0},"b":{"0":[0,0],"1":[0,0],"2":[0,0],"3":[0,0],"4":[0,0],"5":[0,0],"6":[0,0],"7":[0,0],"8":[0,0],"9":[0,0],"10":[0,0],"11":[0,0],"12":[0,0],"13":[0,0]}}
,"C:\\Users\\Mike\\Desktop\\WebDev\\myWebProjects\\react-practice\\menu\\menu-order\\src\\components\\Products\\Pagination\\Pagination.js": {"path":"C:\\Users\\Mike\\Desktop\\WebDev\\myWebProjects\\react-practice\\menu\\menu-order\\src\\components\\Products\\Pagination\\Pagination.js","statementMap":{"0":{"start":{"line":9,"column":17},"end":{"line":9,"column":28}},"1":{"start":{"line":11,"column":4},"end":{"line":16,"column":5}},"2":{"start":{"line":13,"column":31},"end":{"line":13,"column":49}},"3":{"start":{"line":21,"column":0},"end":{"line":23,"column":1}}},"fnMap":{"0":{"name":"Pagination","decl":{"start":{"line":8,"column":9},"end":{"line":8,"column":19}},"loc":{"start":{"line":8,"column":36},"end":{"line":17,"column":1}},"line":8},"1":{"name":"(anonymous_1)","decl":{"start":{"line":13,"column":25},"end":{"line":13,"column":26}},"loc":{"start":{"line":13,"column":31},"end":{"line":13,"column":49}},"line":13}},"branchMap":{},"s":{"0":0,"1":0,"2":0,"3":0},"f":{"0":0,"1":0},"b":{}}
,"C:\\Users\\Mike\\Desktop\\WebDev\\myWebProjects\\react-practice\\menu\\menu-order\\src\\components\\Products\\Product-Details\\ProductDetails.js": {"path":"C:\\Users\\Mike\\Desktop\\WebDev\\myWebProjects\\react-practice\\menu\\menu-order\\src\\components\\Products\\Product-Details\\ProductDetails.js","statementMap":{"0":{"start":{"line":7,"column":4},"end":{"line":12,"column":5}}},"fnMap":{"0":{"name":"ProductDetails","decl":{"start":{"line":4,"column":24},"end":{"line":4,"column":38}},"loc":{"start":{"line":4,"column":41},"end":{"line":13,"column":1}},"line":4}},"branchMap":{},"s":{"0":0},"f":{"0":0},"b":{}}
,"C:\\Users\\Mike\\Desktop\\WebDev\\myWebProjects\\react-practice\\menu\\menu-order\\src\\components\\Products\\Product-Quantity\\ProductQuantity.js": {"path":"C:\\Users\\Mike\\Desktop\\WebDev\\myWebProjects\\react-practice\\menu\\menu-order\\src\\components\\Products\\Product-Quantity\\ProductQuantity.js","statementMap":{"0":{"start":{"line":7,"column":24},"end":{"line":10,"column":5}},"1":{"start":{"line":8,"column":8},"end":{"line":8,"column":27}},"2":{"start":{"line":9,"column":8},"end":{"line":9,"column":33}},"3":{"start":{"line":12,"column":26},"end":{"line":12,"column":53}},"4":{"start":{"line":13,"column":26},"end":{"line":13,"column":54}},"5":{"start":{"line":16,"column":4},"end":{"line":37,"column":5}},"6":{"start":{"line":22,"column":40},"end":{"line":22,"column":58}},"7":{"start":{"line":30,"column":40},"end":{"line":30,"column":57}},"8":{"start":{"line":40,"column":0},"end":{"line":43,"column":1}}},"fnMap":{"0":{"name":"ProductQuantity","decl":{"start":{"line":6,"column":24},"end":{"line":6,"column":39}},"loc":{"start":{"line":6,"column":65},"end":{"line":38,"column":1}},"line":6},"1":{"name":"(anonymous_1)","decl":{"start":{"line":7,"column":24},"end":{"line":7,"column":25}},"loc":{"start":{"line":7,"column":34},"end":{"line":10,"column":5}},"line":7},"2":{"name":"(anonymous_2)","decl":{"start":{"line":22,"column":33},"end":{"line":22,"column":34}},"loc":{"start":{"line":22,"column":40},"end":{"line":22,"column":58}},"line":22},"3":{"name":"(anonymous_3)","decl":{"start":{"line":30,"column":33},"end":{"line":30,"column":34}},"loc":{"start":{"line":30,"column":40},"end":{"line":30,"column":57}},"line":30}},"branchMap":{"0":{"loc":{"start":{"line":12,"column":26},"end":{"line":12,"column":53}},"type":"cond-expr","locations":[{"start":{"line":12,"column":41},"end":{"line":12,"column":45}},{"start":{"line":12,"column":48},"end":{"line":12,"column":53}}],"line":12},"1":{"loc":{"start":{"line":13,"column":26},"end":{"line":13,"column":54}},"type":"cond-expr","locations":[{"start":{"line":13,"column":42},"end":{"line":13,"column":46}},{"start":{"line":13,"column":49},"end":{"line":13,"column":54}}],"line":13}},"s":{"0":0,"1":0,"2":0,"3":0,"4":0,"5":0,"6":0,"7":0,"8":0},"f":{"0":0,"1":0,"2":0,"3":0},"b":{"0":[0,0],"1":[0,0]}}
,"C:\\Users\\Mike\\Desktop\\WebDev\\myWebProjects\\react-practice\\menu\\menu-order\\src\\components\\Products\\Product-Reception\\ProductReception.js": {"path":"C:\\Users\\Mike\\Desktop\\WebDev\\myWebProjects\\react-practice\\menu\\menu-order\\src\\components\\Products\\Product-Reception\\ProductReception.js","statementMap":{"0":{"start":{"line":14,"column":20},"end":{"line":16,"column":6}},"1":{"start":{"line":15,"column":8},"end":{"line":15,"column":29}},"2":{"start":{"line":17,"column":17},"end":{"line":17,"column":28}},"3":{"start":{"line":18,"column":19},"end":{"line":18,"column":59}},"4":{"start":{"line":20,"column":4},"end":{"line":22,"column":5}},"5":{"start":{"line":21,"column":8},"end":{"line":21,"column":43}},"6":{"start":{"line":24,"column":4},"end":{"line":39,"column":5}},"7":{"start":{"line":42,"column":0},"end":{"line":44,"column":1}}},"fnMap":{"0":{"name":"ProductReception","decl":{"start":{"line":13,"column":24},"end":{"line":13,"column":40}},"loc":{"start":{"line":13,"column":52},"end":{"line":40,"column":1}},"line":13},"1":{"name":"(anonymous_1)","decl":{"start":{"line":14,"column":32},"end":{"line":14,"column":33}},"loc":{"start":{"line":14,"column":43},"end":{"line":16,"column":5}},"line":14}},"branchMap":{"0":{"loc":{"start":{"line":18,"column":19},"end":{"line":18,"column":59}},"type":"binary-expr","locations":[{"start":{"line":18,"column":19},"end":{"line":18,"column":26}},{"start":{"line":18,"column":30},"end":{"line":18,"column":59}}],"line":18},"1":{"loc":{"start":{"line":20,"column":4},"end":{"line":22,"column":5}},"type":"if","locations":[{"start":{"line":20,"column":4},"end":{"line":22,"column":5}},{"start":{},"end":{}}],"line":20},"2":{"loc":{"start":{"line":20,"column":7},"end":{"line":20,"column":40}},"type":"binary-expr","locations":[{"start":{"line":20,"column":7},"end":{"line":20,"column":15}},{"start":{"line":20,"column":19},"end":{"line":20,"column":40}}],"line":20},"3":{"loc":{"start":{"line":28,"column":21},"end":{"line":28,"column":83}},"type":"cond-expr","locations":[{"start":{"line":28,"column":30},"end":{"line":28,"column":61}},{"start":{"line":28,"column":64},"end":{"line":28,"column":83}}],"line":28}},"s":{"0":0,"1":0,"2":0,"3":0,"4":0,"5":0,"6":0,"7":0},"f":{"0":0,"1":0},"b":{"0":[0,0],"1":[0,0],"2":[0,0],"3":[0,0]}}
,"C:\\Users\\Mike\\Desktop\\WebDev\\myWebProjects\\react-practice\\menu\\menu-order\\src\\components\\Products\\Product-Reception\\RatingStars.js": {"path":"C:\\Users\\Mike\\Desktop\\WebDev\\myWebProjects\\react-practice\\menu\\menu-order\\src\\components\\Products\\Product-Reception\\RatingStars.js","statementMap":{"0":{"start":{"line":10,"column":21},"end":{"line":26,"column":5}},"1":{"start":{"line":11,"column":20},"end":{"line":11,"column":22}},"2":{"start":{"line":13,"column":8},"end":{"line":15,"column":9}},"3":{"start":{"line":13,"column":20},"end":{"line":13,"column":21}},"4":{"start":{"line":14,"column":12},"end":{"line":14,"column":31}},"5":{"start":{"line":17,"column":8},"end":{"line":19,"column":9}},"6":{"start":{"line":18,"column":12},"end":{"line":18,"column":35}},"7":{"start":{"line":21,"column":8},"end":{"line":23,"column":9}},"8":{"start":{"line":22,"column":12},"end":{"line":22,"column":38}},"9":{"start":{"line":25,"column":8},"end":{"line":25,"column":21}},"10":{"start":{"line":28,"column":24},"end":{"line":32,"column":6}},"11":{"start":{"line":29,"column":8},"end":{"line":31,"column":9}},"12":{"start":{"line":34,"column":4},"end":{"line":39,"column":5}},"13":{"start":{"line":42,"column":0},"end":{"line":44,"column":1}}},"fnMap":{"0":{"name":"RatingStars","decl":{"start":{"line":7,"column":24},"end":{"line":7,"column":35}},"loc":{"start":{"line":7,"column":46},"end":{"line":40,"column":1}},"line":7},"1":{"name":"(anonymous_1)","decl":{"start":{"line":10,"column":21},"end":{"line":10,"column":22}},"loc":{"start":{"line":10,"column":27},"end":{"line":26,"column":5}},"line":10},"2":{"name":"(anonymous_2)","decl":{"start":{"line":28,"column":39},"end":{"line":28,"column":40}},"loc":{"start":{"line":28,"column":52},"end":{"line":32,"column":5}},"line":28}},"branchMap":{"0":{"loc":{"start":{"line":17,"column":8},"end":{"line":19,"column":9}},"type":"if","locations":[{"start":{"line":17,"column":8},"end":{"line":19,"column":9}},{"start":{},"end":{}}],"line":17}},"s":{"0":0,"1":0,"2":0,"3":0,"4":0,"5":0,"6":0,"7":0,"8":0,"9":0,"10":0,"11":0,"12":0,"13":0},"f":{"0":0,"1":0,"2":0},"b":{"0":[0,0]}}
,"C:\\Users\\Mike\\Desktop\\WebDev\\myWebProjects\\react-practice\\menu\\menu-order\\src\\components\\Products\\Product-Size\\ProductSize.js": {"path":"C:\\Users\\Mike\\Desktop\\WebDev\\myWebProjects\\react-practice\\menu\\menu-order\\src\\components\\Products\\Product-Size\\ProductSize.js","statementMap":{"0":{"start":{"line":11,"column":46},"end":{"line":11,"column":57}},"1":{"start":{"line":13,"column":18},"end":{"line":35,"column":5}},"2":{"start":{"line":37,"column":4},"end":{"line":44,"column":23}},"3":{"start":{"line":38,"column":8},"end":{"line":40,"column":9}},"4":{"start":{"line":39,"column":12},"end":{"line":39,"column":19}},"5":{"start":{"line":41,"column":26},"end":{"line":41,"column":133}},"6":{"start":{"line":41,"column":73},"end":{"line":41,"column":83}},"7":{"start":{"line":41,"column":105},"end":{"line":41,"column":132}},"8":{"start":{"line":43,"column":8},"end":{"line":43,"column":35}},"9":{"start":{"line":46,"column":28},"end":{"line":50,"column":5}},"10":{"start":{"line":47,"column":8},"end":{"line":47,"column":27}},"11":{"start":{"line":48,"column":8},"end":{"line":48,"column":31}},"12":{"start":{"line":49,"column":8},"end":{"line":49,"column":24}},"13":{"start":{"line":52,"column":24},"end":{"line":57,"column":6}},"14":{"start":{"line":53,"column":29},"end":{"line":53,"column":70}},"15":{"start":{"line":54,"column":8},"end":{"line":56,"column":9}},"16":{"start":{"line":55,"column":92},"end":{"line":55,"column":123}},"17":{"start":{"line":59,"column":4},"end":{"line":66,"column":5}},"18":{"start":{"line":69,"column":0},"end":{"line":72,"column":1}}},"fnMap":{"0":{"name":"ProductSize","decl":{"start":{"line":10,"column":24},"end":{"line":10,"column":35}},"loc":{"start":{"line":10,"column":56},"end":{"line":67,"column":1}},"line":10},"1":{"name":"(anonymous_1)","decl":{"start":{"line":37,"column":14},"end":{"line":37,"column":15}},"loc":{"start":{"line":37,"column":20},"end":{"line":44,"column":5}},"line":37},"2":{"name":"(anonymous_2)","decl":{"start":{"line":41,"column":59},"end":{"line":41,"column":60}},"loc":{"start":{"line":41,"column":73},"end":{"line":41,"column":83}},"line":41},"3":{"name":"(anonymous_3)","decl":{"start":{"line":41,"column":95},"end":{"line":41,"column":96}},"loc":{"start":{"line":41,"column":105},"end":{"line":41,"column":132}},"line":41},"4":{"name":"(anonymous_4)","decl":{"start":{"line":46,"column":28},"end":{"line":46,"column":29}},"loc":{"start":{"line":46,"column":48},"end":{"line":50,"column":5}},"line":46},"5":{"name":"(anonymous_5)","decl":{"start":{"line":52,"column":49},"end":{"line":52,"column":50}},"loc":{"start":{"line":52,"column":66},"end":{"line":57,"column":5}},"line":52},"6":{"name":"(anonymous_6)","decl":{"start":{"line":55,"column":85},"end":{"line":55,"column":86}},"loc":{"start":{"line":55,"column":92},"end":{"line":55,"column":123}},"line":55}},"branchMap":{"0":{"loc":{"start":{"line":38,"column":8},"end":{"line":40,"column":9}},"type":"if","locations":[{"start":{"line":38,"column":8},"end":{"line":40,"column":9}},{"start":{},"end":{}}],"line":38},"1":{"loc":{"start":{"line":41,"column":26},"end":{"line":41,"column":133}},"type":"binary-expr","locations":[{"start":{"line":41,"column":26},"end":{"line":41,"column":30}},{"start":{"line":41,"column":34},"end":{"line":41,"column":133}}],"line":41},"2":{"loc":{"start":{"line":53,"column":29},"end":{"line":53,"column":70}},"type":"cond-expr","locations":[{"start":{"line":53,"column":55},"end":{"line":53,"column":65}},{"start":{"line":53,"column":68},"end":{"line":53,"column":70}}],"line":53}},"s":{"0":0,"1":0,"2":0,"3":0,"4":0,"5":0,"6":0,"7":0,"8":0,"9":0,"10":0,"11":0,"12":0,"13":0,"14":0,"15":0,"16":0,"17":0,"18":0},"f":{"0":0,"1":0,"2":0,"3":0,"4":0,"5":0,"6":0},"b":{"0":[0,0],"1":[0,0],"2":[0,0]}}
,"C:\\Users\\Mike\\Desktop\\WebDev\\myWebProjects\\react-practice\\menu\\menu-order\\src\\components\\Products\\Product-Tabs\\ProductTabs.js": {"path":"C:\\Users\\Mike\\Desktop\\WebDev\\myWebProjects\\react-practice\\menu\\menu-order\\src\\components\\Products\\Product-Tabs\\ProductTabs.js","statementMap":{"0":{"start":{"line":17,"column":38},"end":{"line":17,"column":49}},"1":{"start":{"line":18,"column":20},"end":{"line":20,"column":6}},"2":{"start":{"line":19,"column":8},"end":{"line":19,"column":27}},"3":{"start":{"line":22,"column":21},"end":{"line":22,"column":96}},"4":{"start":{"line":22,"column":65},"end":{"line":22,"column":76}},"5":{"start":{"line":22,"column":89},"end":{"line":22,"column":95}},"6":{"start":{"line":24,"column":24},"end":{"line":29,"column":5}},"7":{"start":{"line":31,"column":27},"end":{"line":34,"column":5}},"8":{"start":{"line":33,"column":8},"end":{"line":33,"column":26}},"9":{"start":{"line":36,"column":23},"end":{"line":42,"column":6}},"10":{"start":{"line":37,"column":26},"end":{"line":37,"column":60}},"11":{"start":{"line":38,"column":8},"end":{"line":41,"column":9}},"12":{"start":{"line":40,"column":60},"end":{"line":40,"column":84}},"13":{"start":{"line":44,"column":4},"end":{"line":59,"column":5}},"14":{"start":{"line":62,"column":0},"end":{"line":64,"column":1}}},"fnMap":{"0":{"name":"ProductTabs","decl":{"start":{"line":16,"column":24},"end":{"line":16,"column":35}},"loc":{"start":{"line":16,"column":55},"end":{"line":60,"column":1}},"line":16},"1":{"name":"(anonymous_1)","decl":{"start":{"line":18,"column":32},"end":{"line":18,"column":33}},"loc":{"start":{"line":18,"column":43},"end":{"line":20,"column":5}},"line":18},"2":{"name":"(anonymous_2)","decl":{"start":{"line":22,"column":57},"end":{"line":22,"column":58}},"loc":{"start":{"line":22,"column":65},"end":{"line":22,"column":76}},"line":22},"3":{"name":"(anonymous_3)","decl":{"start":{"line":22,"column":82},"end":{"line":22,"column":83}},"loc":{"start":{"line":22,"column":89},"end":{"line":22,"column":95}},"line":22},"4":{"name":"(anonymous_4)","decl":{"start":{"line":31,"column":27},"end":{"line":31,"column":28}},"loc":{"start":{"line":31,"column":41},"end":{"line":34,"column":5}},"line":31},"5":{"name":"(anonymous_5)","decl":{"start":{"line":36,"column":39},"end":{"line":36,"column":40}},"loc":{"start":{"line":36,"column":55},"end":{"line":42,"column":5}},"line":36},"6":{"name":"(anonymous_6)","decl":{"start":{"line":40,"column":53},"end":{"line":40,"column":54}},"loc":{"start":{"line":40,"column":60},"end":{"line":40,"column":84}},"line":40}},"branchMap":{"0":{"loc":{"start":{"line":37,"column":26},"end":{"line":37,"column":60}},"type":"cond-expr","locations":[{"start":{"line":37,"column":47},"end":{"line":37,"column":55}},{"start":{"line":37,"column":58},"end":{"line":37,"column":60}}],"line":37}},"s":{"0":0,"1":0,"2":0,"3":0,"4":0,"5":0,"6":0,"7":0,"8":0,"9":0,"10":0,"11":0,"12":0,"13":0,"14":0},"f":{"0":0,"1":0,"2":0,"3":0,"4":0,"5":0,"6":0},"b":{"0":[0,0]}}
,"C:\\Users\\Mike\\Desktop\\WebDev\\myWebProjects\\react-practice\\menu\\menu-order\\src\\components\\Reviews\\Reviews.js": {"path":"C:\\Users\\Mike\\Desktop\\WebDev\\myWebProjects\\react-practice\\menu\\menu-order\\src\\components\\Reviews\\Reviews.js","statementMap":{"0":{"start":{"line":8,"column":4},"end":{"line":8,"column":32}},"1":{"start":{"line":9,"column":34},"end":{"line":25,"column":6}},"2":{"start":{"line":10,"column":8},"end":{"line":24,"column":9}},"3":{"start":{"line":28,"column":4},"end":{"line":32,"column":5}},"4":{"start":{"line":35,"column":0},"end":{"line":37,"column":1}}},"fnMap":{"0":{"name":"Reviews","decl":{"start":{"line":7,"column":24},"end":{"line":7,"column":31}},"loc":{"start":{"line":7,"column":51},"end":{"line":33,"column":1}},"line":7},"1":{"name":"(anonymous_1)","decl":{"start":{"line":9,"column":54},"end":{"line":9,"column":55}},"loc":{"start":{"line":9,"column":73},"end":{"line":25,"column":5}},"line":9}},"branchMap":{},"s":{"0":0,"1":0,"2":0,"3":0,"4":0},"f":{"0":0,"1":0},"b":{}}
,"C:\\Users\\Mike\\Desktop\\WebDev\\myWebProjects\\react-practice\\menu\\menu-order\\src\\components\\Reviews\\ReviewsPagination.js": {"path":"C:\\Users\\Mike\\Desktop\\WebDev\\myWebProjects\\react-practice\\menu\\menu-order\\src\\components\\Reviews\\ReviewsPagination.js","statementMap":{"0":{"start":{"line":7,"column":44},"end":{"line":7,"column":55}},"1":{"start":{"line":8,"column":4},"end":{"line":8,"column":32}},"2":{"start":{"line":10,"column":29},"end":{"line":10,"column":40}},"3":{"start":{"line":11,"column":42},"end":{"line":11,"column":56}},"4":{"start":{"line":14,"column":42},"end":{"line":14,"column":53}},"5":{"start":{"line":15,"column":38},"end":{"line":15,"column":52}},"6":{"start":{"line":16,"column":27},"end":{"line":16,"column":28}},"7":{"start":{"line":18,"column":16},"end":{"line":18,"column":18}},"8":{"start":{"line":19,"column":26},"end":{"line":19,"column":28}},"9":{"start":{"line":21,"column":4},"end":{"line":24,"column":10}},"10":{"start":{"line":22,"column":8},"end":{"line":22,"column":71}},"11":{"start":{"line":23,"column":8},"end":{"line":23,"column":35}},"12":{"start":{"line":26,"column":4},"end":{"line":33,"column":38}},"13":{"start":{"line":27,"column":8},"end":{"line":31,"column":9}},"14":{"start":{"line":28,"column":12},"end":{"line":28,"column":51}},"15":{"start":{"line":30,"column":12},"end":{"line":30,"column":59}},"16":{"start":{"line":32,"column":8},"end":{"line":32,"column":71}},"17":{"start":{"line":35,"column":30},"end":{"line":37,"column":5}},"18":{"start":{"line":36,"column":8},"end":{"line":36,"column":39}},"19":{"start":{"line":39,"column":4},"end":{"line":41,"column":5}},"20":{"start":{"line":39,"column":17},"end":{"line":39,"column":29}},"21":{"start":{"line":40,"column":8},"end":{"line":40,"column":21}},"22":{"start":{"line":42,"column":30},"end":{"line":48,"column":6}},"23":{"start":{"line":43,"column":27},"end":{"line":43,"column":70}},"24":{"start":{"line":45,"column":8},"end":{"line":47,"column":9}},"25":{"start":{"line":46,"column":104},"end":{"line":46,"column":129}},"26":{"start":{"line":50,"column":4},"end":{"line":52,"column":5}},"27":{"start":{"line":50,"column":16},"end":{"line":50,"column":26}},"28":{"start":{"line":51,"column":8},"end":{"line":51,"column":48}},"29":{"start":{"line":54,"column":4},"end":{"line":56,"column":5}},"30":{"start":{"line":55,"column":8},"end":{"line":55,"column":44}},"31":{"start":{"line":58,"column":21},"end":{"line":58,"column":67}},"32":{"start":{"line":59,"column":24},"end":{"line":59,"column":70}},"33":{"start":{"line":62,"column":4},"end":{"line":73,"column":5}},"34":{"start":{"line":66,"column":92},"end":{"line":66,"column":113}},"35":{"start":{"line":70,"column":95},"end":{"line":70,"column":115}},"36":{"start":{"line":76,"column":0},"end":{"line":78,"column":1}}},"fnMap":{"0":{"name":"ReviewsPagination","decl":{"start":{"line":6,"column":24},"end":{"line":6,"column":41}},"loc":{"start":{"line":6,"column":61},"end":{"line":74,"column":1}},"line":6},"1":{"name":"(anonymous_1)","decl":{"start":{"line":21,"column":14},"end":{"line":21,"column":15}},"loc":{"start":{"line":21,"column":20},"end":{"line":24,"column":5}},"line":21},"2":{"name":"(anonymous_2)","decl":{"start":{"line":26,"column":14},"end":{"line":26,"column":15}},"loc":{"start":{"line":26,"column":20},"end":{"line":33,"column":5}},"line":26},"3":{"name":"(anonymous_3)","decl":{"start":{"line":35,"column":30},"end":{"line":35,"column":31}},"loc":{"start":{"line":35,"column":37},"end":{"line":37,"column":5}},"line":35},"4":{"name":"(anonymous_4)","decl":{"start":{"line":42,"column":40},"end":{"line":42,"column":41}},"loc":{"start":{"line":42,"column":57},"end":{"line":48,"column":5}},"line":42},"5":{"name":"(anonymous_5)","decl":{"start":{"line":46,"column":98},"end":{"line":46,"column":99}},"loc":{"start":{"line":46,"column":104},"end":{"line":46,"column":129}},"line":46},"6":{"name":"(anonymous_6)","decl":{"start":{"line":66,"column":86},"end":{"line":66,"column":87}},"loc":{"start":{"line":66,"column":92},"end":{"line":66,"column":113}},"line":66},"7":{"name":"(anonymous_7)","decl":{"start":{"line":70,"column":89},"end":{"line":70,"column":90}},"loc":{"start":{"line":70,"column":95},"end":{"line":70,"column":115}},"line":70}},"branchMap":{"0":{"loc":{"start":{"line":27,"column":8},"end":{"line":31,"column":9}},"type":"if","locations":[{"start":{"line":27,"column":8},"end":{"line":31,"column":9}},{"start":{"line":29,"column":15},"end":{"line":31,"column":9}}],"line":27},"1":{"loc":{"start":{"line":43,"column":27},"end":{"line":43,"column":70}},"type":"cond-expr","locations":[{"start":{"line":43,"column":55},"end":{"line":43,"column":65}},{"start":{"line":43,"column":68},"end":{"line":43,"column":70}}],"line":43},"2":{"loc":{"start":{"line":54,"column":4},"end":{"line":56,"column":5}},"type":"if","locations":[{"start":{"line":54,"column":4},"end":{"line":56,"column":5}},{"start":{},"end":{}}],"line":54},"3":{"loc":{"start":{"line":54,"column":7},"end":{"line":54,"column":56}},"type":"binary-expr","locations":[{"start":{"line":54,"column":7},"end":{"line":54,"column":23}},{"start":{"line":54,"column":27},"end":{"line":54,"column":56}}],"line":54},"4":{"loc":{"start":{"line":58,"column":21},"end":{"line":58,"column":67}},"type":"cond-expr","locations":[{"start":{"line":58,"column":52},"end":{"line":58,"column":62}},{"start":{"line":58,"column":65},"end":{"line":58,"column":67}}],"line":58},"5":{"loc":{"start":{"line":59,"column":24},"end":{"line":59,"column":70}},"type":"cond-expr","locations":[{"start":{"line":59,"column":52},"end":{"line":59,"column":65}},{"start":{"line":59,"column":68},"end":{"line":59,"column":70}}],"line":59}},"s":{"0":0,"1":0,"2":0,"3":0,"4":0,"5":0,"6":0,"7":0,"8":0,"9":0,"10":0,"11":0,"12":0,"13":0,"14":0,"15":0,"16":0,"17":0,"18":0,"19":0,"20":0,"21":0,"22":0,"23":0,"24":0,"25":0,"26":0,"27":0,"28":0,"29":0,"30":0,"31":0,"32":0,"33":0,"34":0,"35":0,"36":0},"f":{"0":0,"1":0,"2":0,"3":0,"4":0,"5":0,"6":0,"7":0},"b":{"0":[0,0],"1":[0,0],"2":[0,0],"3":[0,0],"4":[0,0],"5":[0,0]}}
,"C:\\Users\\Mike\\Desktop\\WebDev\\myWebProjects\\react-practice\\menu\\menu-order\\src\\components\\Search\\Search.js": {"path":"C:\\Users\\Mike\\Desktop\\WebDev\\myWebProjects\\react-practice\\menu\\menu-order\\src\\components\\Search\\Search.js","statementMap":{"0":{"start":{"line":15,"column":17},"end":{"line":15,"column":25}},"1":{"start":{"line":17,"column":21},"end":{"line":17,"column":47}},"2":{"start":{"line":19,"column":4},"end":{"line":30,"column":5}},"3":{"start":{"line":23,"column":32},"end":{"line":23,"column":50}},"4":{"start":{"line":35,"column":0},"end":{"line":39,"column":1}}},"fnMap":{"0":{"name":"Search","decl":{"start":{"line":14,"column":9},"end":{"line":14,"column":15}},"loc":{"start":{"line":14,"column":61},"end":{"line":31,"column":1}},"line":14},"1":{"name":"(anonymous_1)","decl":{"start":{"line":23,"column":26},"end":{"line":23,"column":27}},"loc":{"start":{"line":23,"column":32},"end":{"line":23,"column":50}},"line":23}},"branchMap":{"0":{"loc":{"start":{"line":17,"column":21},"end":{"line":17,"column":47}},"type":"cond-expr","locations":[{"start":{"line":17,"column":35},"end":{"line":17,"column":39}},{"start":{"line":17,"column":42},"end":{"line":17,"column":47}}],"line":17}},"s":{"0":0,"1":0,"2":0,"3":0,"4":0},"f":{"0":0,"1":0},"b":{"0":[0,0]}}
,"C:\\Users\\Mike\\Desktop\\WebDev\\myWebProjects\\react-practice\\menu\\menu-order\\src\\components\\Tags\\Tags.js": {"path":"C:\\Users\\Mike\\Desktop\\WebDev\\myWebProjects\\react-practice\\menu\\menu-order\\src\\components\\Tags\\Tags.js","statementMap":{"0":{"start":{"line":11,"column":17},"end":{"line":11,"column":23}},"1":{"start":{"line":14,"column":23},"end":{"line":20,"column":6}},"2":{"start":{"line":15,"column":8},"end":{"line":19,"column":9}},"3":{"start":{"line":17,"column":16},"end":{"line":17,"column":39}},"4":{"start":{"line":23,"column":4},"end":{"line":25,"column":5}},"5":{"start":{"line":24,"column":8},"end":{"line":24,"column":41}},"6":{"start":{"line":27,"column":4},"end":{"line":41,"column":5}},"7":{"start":{"line":46,"column":0},"end":{"line":49,"column":1}}},"fnMap":{"0":{"name":"Tags","decl":{"start":{"line":10,"column":9},"end":{"line":10,"column":13}},"loc":{"start":{"line":10,"column":49},"end":{"line":42,"column":1}},"line":10},"1":{"name":"(anonymous_1)","decl":{"start":{"line":14,"column":48},"end":{"line":14,"column":49}},"loc":{"start":{"line":14,"column":64},"end":{"line":20,"column":5}},"line":14},"2":{"name":"(anonymous_2)","decl":{"start":{"line":16,"column":50},"end":{"line":16,"column":51}},"loc":{"start":{"line":16,"column":56},"end":{"line":18,"column":13}},"line":16}},"branchMap":{"0":{"loc":{"start":{"line":14,"column":23},"end":{"line":20,"column":6}},"type":"binary-expr","locations":[{"start":{"line":14,"column":23},"end":{"line":14,"column":31}},{"start":{"line":14,"column":35},"end":{"line":20,"column":6}}],"line":14},"1":{"loc":{"start":{"line":23,"column":4},"end":{"line":25,"column":5}},"type":"if","locations":[{"start":{"line":23,"column":4},"end":{"line":25,"column":5}},{"start":{},"end":{}}],"line":23},"2":{"loc":{"start":{"line":23,"column":7},"end":{"line":23,"column":42}},"type":"binary-expr","locations":[{"start":{"line":23,"column":7},"end":{"line":23,"column":16}},{"start":{"line":23,"column":20},"end":{"line":23,"column":42}}],"line":23},"3":{"loc":{"start":{"line":34,"column":25},"end":{"line":34,"column":80}},"type":"cond-expr","locations":[{"start":{"line":34,"column":62},"end":{"line":34,"column":72}},{"start":{"line":34,"column":75},"end":{"line":34,"column":80}}],"line":34},"4":{"loc":{"start":{"line":34,"column":25},"end":{"line":34,"column":59}},"type":"binary-expr","locations":[{"start":{"line":34,"column":25},"end":{"line":34,"column":33}},{"start":{"line":34,"column":37},"end":{"line":34,"column":59}}],"line":34}},"s":{"0":0,"1":0,"2":0,"3":0,"4":0,"5":0,"6":0,"7":0},"f":{"0":0,"1":0,"2":0},"b":{"0":[0,0],"1":[0,0],"2":[0,0],"3":[0,0],"4":[0,0]}}
,"C:\\Users\\Mike\\Desktop\\WebDev\\myWebProjects\\react-practice\\menu\\menu-order\\src\\components\\Toasts\\Toasts.js": {"path":"C:\\Users\\Mike\\Desktop\\WebDev\\myWebProjects\\react-practice\\menu\\menu-order\\src\\components\\Toasts\\Toasts.js","statementMap":{"0":{"start":{"line":12,"column":21},"end":{"line":12,"column":34}},"1":{"start":{"line":13,"column":20},"end":{"line":13,"column":28}},"2":{"start":{"line":15,"column":4},"end":{"line":30,"column":10}},"3":{"start":{"line":17,"column":8},"end":{"line":29,"column":9}},"4":{"start":{"line":19,"column":12},"end":{"line":28,"column":20}},"5":{"start":{"line":21,"column":16},"end":{"line":21,"column":78}},"6":{"start":{"line":24,"column":16},"end":{"line":27,"column":24}},"7":{"start":{"line":25,"column":20},"end":{"line":25,"column":51}},"8":{"start":{"line":32,"column":24},"end":{"line":39,"column":5}},"9":{"start":{"line":33,"column":8},"end":{"line":38,"column":9}},"10":{"start":{"line":34,"column":12},"end":{"line":34,"column":55}},"11":{"start":{"line":35,"column":12},"end":{"line":37,"column":20}},"12":{"start":{"line":36,"column":16},"end":{"line":36,"column":47}},"13":{"start":{"line":43,"column":4},"end":{"line":60,"column":5}},"14":{"start":{"line":65,"column":0},"end":{"line":67,"column":1}}},"fnMap":{"0":{"name":"Toasts","decl":{"start":{"line":11,"column":9},"end":{"line":11,"column":15}},"loc":{"start":{"line":11,"column":25},"end":{"line":61,"column":1}},"line":11},"1":{"name":"(anonymous_1)","decl":{"start":{"line":15,"column":14},"end":{"line":15,"column":15}},"loc":{"start":{"line":15,"column":20},"end":{"line":30,"column":5}},"line":15},"2":{"name":"(anonymous_2)","decl":{"start":{"line":19,"column":23},"end":{"line":19,"column":24}},"loc":{"start":{"line":19,"column":29},"end":{"line":28,"column":13}},"line":19},"3":{"name":"(anonymous_3)","decl":{"start":{"line":24,"column":27},"end":{"line":24,"column":28}},"loc":{"start":{"line":24,"column":33},"end":{"line":27,"column":17}},"line":24},"4":{"name":"(anonymous_4)","decl":{"start":{"line":32,"column":24},"end":{"line":32,"column":25}},"loc":{"start":{"line":32,"column":31},"end":{"line":39,"column":5}},"line":32},"5":{"name":"(anonymous_5)","decl":{"start":{"line":35,"column":23},"end":{"line":35,"column":24}},"loc":{"start":{"line":35,"column":29},"end":{"line":37,"column":13}},"line":35}},"branchMap":{"0":{"loc":{"start":{"line":17,"column":8},"end":{"line":29,"column":9}},"type":"if","locations":[{"start":{"line":17,"column":8},"end":{"line":29,"column":9}},{"start":{},"end":{}}],"line":17},"1":{"loc":{"start":{"line":21,"column":16},"end":{"line":21,"column":77}},"type":"binary-expr","locations":[{"start":{"line":21,"column":16},"end":{"line":21,"column":31}},{"start":{"line":21,"column":35},"end":{"line":21,"column":77}}],"line":21},"2":{"loc":{"start":{"line":33,"column":8},"end":{"line":38,"column":9}},"type":"if","locations":[{"start":{"line":33,"column":8},"end":{"line":38,"column":9}},{"start":{},"end":{}}],"line":33},"3":{"loc":{"start":{"line":33,"column":11},"end":{"line":33,"column":64}},"type":"binary-expr","locations":[{"start":{"line":33,"column":11},"end":{"line":33,"column":26}},{"start":{"line":33,"column":30},"end":{"line":33,"column":64}}],"line":33}},"s":{"0":0,"1":0,"2":0,"3":0,"4":0,"5":0,"6":0,"7":0,"8":0,"9":0,"10":0,"11":0,"12":0,"13":0,"14":0},"f":{"0":0,"1":0,"2":0,"3":0,"4":0,"5":0},"b":{"0":[0,0],"1":[0,0],"2":[0,0],"3":[0,0]}}
,"C:\\Users\\Mike\\Desktop\\WebDev\\myWebProjects\\react-practice\\menu\\menu-order\\src\\data\\config.js": {"path":"C:\\Users\\Mike\\Desktop\\WebDev\\myWebProjects\\react-practice\\menu\\menu-order\\src\\data\\config.js","statementMap":{"0":{"start":{"line":1,"column":28},"end":{"line":1,"column":109}}},"fnMap":{},"branchMap":{},"s":{"0":0},"f":{},"b":{}}
,"C:\\Users\\Mike\\Desktop\\WebDev\\myWebProjects\\react-practice\\menu\\menu-order\\src\\data\\dataHelper.js": {"path":"C:\\Users\\Mike\\Desktop\\WebDev\\myWebProjects\\react-practice\\menu\\menu-order\\src\\data\\dataHelper.js","statementMap":{"0":{"start":{"line":5,"column":22},"end":{"line":36,"column":1}},"1":{"start":{"line":7,"column":16},"end":{"line":14,"column":6}},"2":{"start":{"line":16,"column":17},"end":{"line":16,"column":54}},"3":{"start":{"line":18,"column":17},"end":{"line":18,"column":48}},"4":{"start":{"line":20,"column":20},"end":{"line":20,"column":55}},"5":{"start":{"line":22,"column":4},"end":{"line":26,"column":6}},"6":{"start":{"line":23,"column":8},"end":{"line":25,"column":9}},"7":{"start":{"line":24,"column":12},"end":{"line":24,"column":52}},"8":{"start":{"line":28,"column":23},"end":{"line":33,"column":5}},"9":{"start":{"line":35,"column":4},"end":{"line":35,"column":22}}},"fnMap":{"0":{"name":"(anonymous_0)","decl":{"start":{"line":5,"column":22},"end":{"line":5,"column":23}},"loc":{"start":{"line":5,"column":62},"end":{"line":36,"column":1}},"line":5},"1":{"name":"(anonymous_1)","decl":{"start":{"line":22,"column":44},"end":{"line":22,"column":45}},"loc":{"start":{"line":22,"column":51},"end":{"line":26,"column":5}},"line":22}},"branchMap":{"0":{"loc":{"start":{"line":5,"column":34},"end":{"line":5,"column":47}},"type":"default-arg","locations":[{"start":{"line":5,"column":45},"end":{"line":5,"column":47}}],"line":5},"1":{"loc":{"start":{"line":5,"column":49},"end":{"line":5,"column":57}},"type":"default-arg","locations":[{"start":{"line":5,"column":56},"end":{"line":5,"column":57}}],"line":5},"2":{"loc":{"start":{"line":20,"column":20},"end":{"line":20,"column":55}},"type":"binary-expr","locations":[{"start":{"line":20,"column":20},"end":{"line":20,"column":28}},{"start":{"line":20,"column":32},"end":{"line":20,"column":55}}],"line":20},"3":{"loc":{"start":{"line":22,"column":4},"end":{"line":26,"column":6}},"type":"binary-expr","locations":[{"start":{"line":22,"column":4},"end":{"line":22,"column":11}},{"start":{"line":22,"column":15},"end":{"line":26,"column":6}}],"line":22},"4":{"loc":{"start":{"line":23,"column":8},"end":{"line":25,"column":9}},"type":"if","locations":[{"start":{"line":23,"column":8},"end":{"line":25,"column":9}},{"start":{},"end":{}}],"line":23},"5":{"loc":{"start":{"line":23,"column":11},"end":{"line":23,"column":37}},"type":"binary-expr","locations":[{"start":{"line":23,"column":11},"end":{"line":23,"column":24}},{"start":{"line":23,"column":28},"end":{"line":23,"column":37}}],"line":23}},"s":{"0":0,"1":0,"2":0,"3":0,"4":0,"5":0,"6":0,"7":0,"8":0,"9":0},"f":{"0":0,"1":0},"b":{"0":[0],"1":[0],"2":[0,0],"3":[0,0],"4":[0,0],"5":[0,0]}}
,"C:\\Users\\Mike\\Desktop\\WebDev\\myWebProjects\\react-practice\\menu\\menu-order\\src\\data\\productGenerator.js": {"path":"C:\\Users\\Mike\\Desktop\\WebDev\\myWebProjects\\react-practice\\menu\\menu-order\\src\\data\\productGenerator.js","statementMap":{"0":{"start":{"line":9,"column":20},"end":{"line":37,"column":6}},"1":{"start":{"line":10,"column":30},"end":{"line":16,"column":9}},"2":{"start":{"line":11,"column":12},"end":{"line":15,"column":13}},"3":{"start":{"line":12,"column":16},"end":{"line":12,"column":25}},"4":{"start":{"line":14,"column":16},"end":{"line":14,"column":60}},"5":{"start":{"line":20,"column":8},"end":{"line":36,"column":9}},"6":{"start":{"line":39,"column":4},"end":{"line":39,"column":19}},"7":{"start":{"line":45,"column":18},"end":{"line":45,"column":42}},"8":{"start":{"line":47,"column":20},"end":{"line":67,"column":6}},"9":{"start":{"line":48,"column":29},"end":{"line":48,"column":31}},"10":{"start":{"line":49,"column":28},"end":{"line":49,"column":57}},"11":{"start":{"line":51,"column":8},"end":{"line":65,"column":9}},"12":{"start":{"line":51,"column":21},"end":{"line":51,"column":22}},"13":{"start":{"line":52,"column":25},"end":{"line":52,"column":70}},"14":{"start":{"line":54,"column":12},"end":{"line":64,"column":14}},"15":{"start":{"line":66,"column":8},"end":{"line":66,"column":30}},"16":{"start":{"line":68,"column":4},"end":{"line":68,"column":18}},"17":{"start":{"line":74,"column":17},"end":{"line":77,"column":16}},"18":{"start":{"line":75,"column":8},"end":{"line":75,"column":45}},"19":{"start":{"line":75,"column":36},"end":{"line":75,"column":43}},"20":{"start":{"line":76,"column":8},"end":{"line":76,"column":19}},"21":{"start":{"line":79,"column":24},"end":{"line":84,"column":10}},"22":{"start":{"line":80,"column":18},"end":{"line":80,"column":22}},"23":{"start":{"line":81,"column":8},"end":{"line":81,"column":35}},"24":{"start":{"line":81,"column":22},"end":{"line":81,"column":35}},"25":{"start":{"line":82,"column":8},"end":{"line":82,"column":32}},"26":{"start":{"line":83,"column":8},"end":{"line":83,"column":19}},"27":{"start":{"line":86,"column":4},"end":{"line":86,"column":23}}},"fnMap":{"0":{"name":"buildProducts","decl":{"start":{"line":7,"column":22},"end":{"line":7,"column":35}},"loc":{"start":{"line":7,"column":42},"end":{"line":41,"column":1}},"line":7},"1":{"name":"(anonymous_1)","decl":{"start":{"line":9,"column":29},"end":{"line":9,"column":30}},"loc":{"start":{"line":9,"column":40},"end":{"line":37,"column":5}},"line":9},"2":{"name":"(anonymous_2)","decl":{"start":{"line":10,"column":30},"end":{"line":10,"column":31}},"loc":{"start":{"line":10,"column":36},"end":{"line":16,"column":9}},"line":10},"3":{"name":"buildReviews","decl":{"start":{"line":44,"column":22},"end":{"line":44,"column":34}},"loc":{"start":{"line":44,"column":45},"end":{"line":69,"column":1}},"line":44},"4":{"name":"(anonymous_4)","decl":{"start":{"line":47,"column":41},"end":{"line":47,"column":42}},"loc":{"start":{"line":47,"column":52},"end":{"line":67,"column":5}},"line":47},"5":{"name":"getTags","decl":{"start":{"line":72,"column":16},"end":{"line":72,"column":23}},"loc":{"start":{"line":72,"column":34},"end":{"line":87,"column":1}},"line":72},"6":{"name":"(anonymous_6)","decl":{"start":{"line":74,"column":40},"end":{"line":74,"column":41}},"loc":{"start":{"line":74,"column":55},"end":{"line":77,"column":5}},"line":74},"7":{"name":"(anonymous_7)","decl":{"start":{"line":75,"column":31},"end":{"line":75,"column":32}},"loc":{"start":{"line":75,"column":36},"end":{"line":75,"column":43}},"line":75},"8":{"name":"(anonymous_8)","decl":{"start":{"line":79,"column":36},"end":{"line":79,"column":37}},"loc":{"start":{"line":79,"column":51},"end":{"line":84,"column":5}},"line":79}},"branchMap":{"0":{"loc":{"start":{"line":11,"column":12},"end":{"line":15,"column":13}},"type":"if","locations":[{"start":{"line":11,"column":12},"end":{"line":15,"column":13}},{"start":{"line":13,"column":19},"end":{"line":15,"column":13}}],"line":11},"1":{"loc":{"start":{"line":22,"column":25},"end":{"line":22,"column":54}},"type":"binary-expr","locations":[{"start":{"line":22,"column":25},"end":{"line":22,"column":44}},{"start":{"line":22,"column":48},"end":{"line":22,"column":54}}],"line":22},"2":{"loc":{"start":{"line":23,"column":29},"end":{"line":23,"column":62}},"type":"binary-expr","locations":[{"start":{"line":23,"column":29},"end":{"line":23,"column":52}},{"start":{"line":23,"column":56},"end":{"line":23,"column":62}}],"line":23},"3":{"loc":{"start":{"line":24,"column":24},"end":{"line":24,"column":46}},"type":"binary-expr","locations":[{"start":{"line":24,"column":24},"end":{"line":24,"column":36}},{"start":{"line":24,"column":40},"end":{"line":24,"column":46}}],"line":24},"4":{"loc":{"start":{"line":25,"column":18},"end":{"line":25,"column":36}},"type":"binary-expr","locations":[{"start":{"line":25,"column":18},"end":{"line":25,"column":30}},{"start":{"line":25,"column":34},"end":{"line":25,"column":36}}],"line":25},"5":{"loc":{"start":{"line":27,"column":19},"end":{"line":27,"column":40}},"type":"binary-expr","locations":[{"start":{"line":27,"column":19},"end":{"line":27,"column":32}},{"start":{"line":27,"column":36},"end":{"line":27,"column":40}}],"line":27},"6":{"loc":{"start":{"line":28,"column":20},"end":{"line":28,"column":42}},"type":"binary-expr","locations":[{"start":{"line":28,"column":20},"end":{"line":28,"column":34}},{"start":{"line":28,"column":38},"end":{"line":28,"column":42}}],"line":28},"7":{"loc":{"start":{"line":29,"column":25},"end":{"line":29,"column":82}},"type":"cond-expr","locations":[{"start":{"line":29,"column":58},"end":{"line":29,"column":69}},{"start":{"line":29,"column":72},"end":{"line":29,"column":82}}],"line":29},"8":{"loc":{"start":{"line":31,"column":19},"end":{"line":31,"column":41}},"type":"binary-expr","locations":[{"start":{"line":31,"column":19},"end":{"line":31,"column":31}},{"start":{"line":31,"column":35},"end":{"line":31,"column":41}}],"line":31},"9":{"loc":{"start":{"line":81,"column":8},"end":{"line":81,"column":35}},"type":"if","locations":[{"start":{"line":81,"column":8},"end":{"line":81,"column":35}},{"start":{},"end":{}}],"line":81}},"s":{"0":0,"1":0,"2":0,"3":0,"4":0,"5":0,"6":0,"7":0,"8":0,"9":0,"10":0,"11":0,"12":0,"13":0,"14":0,"15":0,"16":0,"17":0,"18":0,"19":0,"20":0,"21":0,"22":0,"23":0,"24":0,"25":0,"26":0,"27":0},"f":{"0":0,"1":0,"2":0,"3":0,"4":0,"5":0,"6":0,"7":0,"8":0},"b":{"0":[0,0],"1":[0,0],"2":[0,0],"3":[0,0],"4":[0,0],"5":[0,0],"6":[0,0],"7":[0,0],"8":[0,0],"9":[0,0]}}
,"C:\\Users\\Mike\\Desktop\\WebDev\\myWebProjects\\react-practice\\menu\\menu-order\\src\\data\\unsplash.js": {"path":"C:\\Users\\Mike\\Desktop\\WebDev\\myWebProjects\\react-practice\\menu\\menu-order\\src\\data\\unsplash.js","statementMap":{},"fnMap":{},"branchMap":{},"s":{},"f":{},"b":{}}
,"C:\\Users\\Mike\\Desktop\\WebDev\\myWebProjects\\react-practice\\menu\\menu-order\\src\\layouts\\RootLayout.js": {"path":"C:\\Users\\Mike\\Desktop\\WebDev\\myWebProjects\\react-practice\\menu\\menu-order\\src\\layouts\\RootLayout.js","statementMap":{"0":{"start":{"line":16,"column":44},"end":{"line":23,"column":6}},"1":{"start":{"line":24,"column":44},"end":{"line":24,"column":59}},"2":{"start":{"line":25,"column":21},"end":{"line":25,"column":34}},"3":{"start":{"line":26,"column":17},"end":{"line":28,"column":6}},"4":{"start":{"line":27,"column":8},"end":{"line":27,"column":25}},"5":{"start":{"line":29,"column":20},"end":{"line":31,"column":6}},"6":{"start":{"line":30,"column":8},"end":{"line":30,"column":20}},"7":{"start":{"line":32,"column":19},"end":{"line":34,"column":6}},"8":{"start":{"line":33,"column":8},"end":{"line":33,"column":27}},"9":{"start":{"line":38,"column":8},"end":{"line":47,"column":18}},"10":{"start":{"line":49,"column":25},"end":{"line":61,"column":14}},"11":{"start":{"line":52,"column":12},"end":{"line":57,"column":13}},"12":{"start":{"line":64,"column":8},"end":{"line":81,"column":16}},"13":{"start":{"line":83,"column":4},"end":{"line":127,"column":5}},"14":{"start":{"line":90,"column":49},"end":{"line":90,"column":77}}},"fnMap":{"0":{"name":"RootLayout","decl":{"start":{"line":15,"column":24},"end":{"line":15,"column":34}},"loc":{"start":{"line":15,"column":37},"end":{"line":128,"column":1}},"line":15},"1":{"name":"(anonymous_1)","decl":{"start":{"line":26,"column":29},"end":{"line":26,"column":30}},"loc":{"start":{"line":26,"column":40},"end":{"line":28,"column":5}},"line":26},"2":{"name":"(anonymous_2)","decl":{"start":{"line":29,"column":32},"end":{"line":29,"column":33}},"loc":{"start":{"line":29,"column":43},"end":{"line":31,"column":5}},"line":29},"3":{"name":"(anonymous_3)","decl":{"start":{"line":32,"column":31},"end":{"line":32,"column":32}},"loc":{"start":{"line":32,"column":42},"end":{"line":34,"column":5}},"line":32},"4":{"name":"(anonymous_4)","decl":{"start":{"line":51,"column":20},"end":{"line":51,"column":21}},"loc":{"start":{"line":51,"column":38},"end":{"line":58,"column":9}},"line":51},"5":{"name":"(anonymous_5)","decl":{"start":{"line":90,"column":43},"end":{"line":90,"column":44}},"loc":{"start":{"line":90,"column":49},"end":{"line":90,"column":77}},"line":90}},"branchMap":{"0":{"loc":{"start":{"line":38,"column":8},"end":{"line":47,"column":18}},"type":"cond-expr","locations":[{"start":{"line":39,"column":14},"end":{"line":46,"column":19}},{"start":{"line":47,"column":14},"end":{"line":47,"column":18}}],"line":38},"1":{"loc":{"start":{"line":49,"column":25},"end":{"line":61,"column":14}},"type":"cond-expr","locations":[{"start":{"line":50,"column":10},"end":{"line":60,"column":18}},{"start":{"line":61,"column":10},"end":{"line":61,"column":14}}],"line":49},"2":{"loc":{"start":{"line":65,"column":13},"end":{"line":65,"column":100}},"type":"cond-expr","locations":[{"start":{"line":65,"column":41},"end":{"line":65,"column":43}},{"start":{"line":65,"column":46},"end":{"line":65,"column":100}}],"line":65},"3":{"loc":{"start":{"line":68,"column":16},"end":{"line":73,"column":23}},"type":"cond-expr","locations":[{"start":{"line":72,"column":19},"end":{"line":72,"column":116}},{"start":{"line":73,"column":19},"end":{"line":73,"column":23}}],"line":68},"4":{"loc":{"start":{"line":68,"column":16},"end":{"line":70,"column":59}},"type":"binary-expr","locations":[{"start":{"line":68,"column":16},"end":{"line":68,"column":38}},{"start":{"line":68,"column":42},"end":{"line":68,"column":75}},{"start":{"line":70,"column":19},"end":{"line":70,"column":59}}],"line":68},"5":{"loc":{"start":{"line":77,"column":16},"end":{"line":78,"column":88}},"type":"binary-expr","locations":[{"start":{"line":77,"column":16},"end":{"line":77,"column":67}},{"start":{"line":78,"column":20},"end":{"line":78,"column":88}}],"line":77},"6":{"loc":{"start":{"line":94,"column":29},"end":{"line":98,"column":29}},"type":"binary-expr","locations":[{"start":{"line":94,"column":29},"end":{"line":94,"column":40}},{"start":{"line":94,"column":44},"end":{"line":98,"column":29}}],"line":94}},"s":{"0":0,"1":0,"2":0,"3":0,"4":0,"5":0,"6":0,"7":0,"8":0,"9":0,"10":0,"11":0,"12":0,"13":0,"14":0},"f":{"0":0,"1":0,"2":0,"3":0,"4":0,"5":0},"b":{"0":[0,0],"1":[0,0],"2":[0,0],"3":[0,0],"4":[0,0,0],"5":[0,0],"6":[0,0]}}
,"C:\\Users\\Mike\\Desktop\\WebDev\\myWebProjects\\react-practice\\menu\\menu-order\\src\\pages\\EditPage.js": {"path":"C:\\Users\\Mike\\Desktop\\WebDev\\myWebProjects\\react-practice\\menu\\menu-order\\src\\pages\\EditPage.js","statementMap":{"0":{"start":{"line":9,"column":17},"end":{"line":11,"column":6}},"1":{"start":{"line":10,"column":8},"end":{"line":10,"column":25}},"2":{"start":{"line":12,"column":17},"end":{"line":12,"column":28}},"3":{"start":{"line":13,"column":20},"end":{"line":13,"column":55}},"4":{"start":{"line":13,"column":40},"end":{"line":13,"column":54}},"5":{"start":{"line":15,"column":4},"end":{"line":19,"column":5}}},"fnMap":{"0":{"name":"EditPage","decl":{"start":{"line":8,"column":24},"end":{"line":8,"column":32}},"loc":{"start":{"line":8,"column":35},"end":{"line":20,"column":1}},"line":8},"1":{"name":"(anonymous_1)","decl":{"start":{"line":9,"column":29},"end":{"line":9,"column":30}},"loc":{"start":{"line":9,"column":38},"end":{"line":11,"column":5}},"line":9},"2":{"name":"(anonymous_2)","decl":{"start":{"line":13,"column":32},"end":{"line":13,"column":33}},"loc":{"start":{"line":13,"column":40},"end":{"line":13,"column":54}},"line":13}},"branchMap":{"0":{"loc":{"start":{"line":17,"column":13},"end":{"line":17,"column":117}},"type":"cond-expr","locations":[{"start":{"line":17,"column":23},"end":{"line":17,"column":94}},{"start":{"line":17,"column":97},"end":{"line":17,"column":117}}],"line":17}},"s":{"0":0,"1":0,"2":0,"3":0,"4":0,"5":0},"f":{"0":0,"1":0,"2":0},"b":{"0":[0,0]}}
,"C:\\Users\\Mike\\Desktop\\WebDev\\myWebProjects\\react-practice\\menu\\menu-order\\src\\pages\\Home.js": {"path":"C:\\Users\\Mike\\Desktop\\WebDev\\myWebProjects\\react-practice\\menu\\menu-order\\src\\pages\\Home.js","statementMap":{"0":{"start":{"line":8,"column":4},"end":{"line":21,"column":5}}},"fnMap":{"0":{"name":"Home","decl":{"start":{"line":6,"column":24},"end":{"line":6,"column":28}},"loc":{"start":{"line":6,"column":31},"end":{"line":22,"column":1}},"line":6}},"branchMap":{},"s":{"0":0},"f":{"0":0},"b":{}}
,"C:\\Users\\Mike\\Desktop\\WebDev\\myWebProjects\\react-practice\\menu\\menu-order\\src\\pages\\ProductPage.js": {"path":"C:\\Users\\Mike\\Desktop\\WebDev\\myWebProjects\\react-practice\\menu\\menu-order\\src\\pages\\ProductPage.js","statementMap":{"0":{"start":{"line":11,"column":17},"end":{"line":11,"column":28}},"1":{"start":{"line":13,"column":24},"end":{"line":15,"column":6}},"2":{"start":{"line":14,"column":8},"end":{"line":14,"column":28}},"3":{"start":{"line":17,"column":27},"end":{"line":19,"column":6}},"4":{"start":{"line":18,"column":8},"end":{"line":18,"column":29}},"5":{"start":{"line":21,"column":28},"end":{"line":21,"column":93}},"6":{"start":{"line":21,"column":68},"end":{"line":21,"column":92}},"7":{"start":{"line":23,"column":28},"end":{"line":23,"column":102}},"8":{"start":{"line":23,"column":73},"end":{"line":23,"column":101}},"9":{"start":{"line":25,"column":24},"end":{"line":25,"column":69}},"10":{"start":{"line":25,"column":59},"end":{"line":25,"column":68}},"11":{"start":{"line":27,"column":4},"end":{"line":42,"column":5}}},"fnMap":{"0":{"name":"ProductPage","decl":{"start":{"line":10,"column":24},"end":{"line":10,"column":35}},"loc":{"start":{"line":10,"column":38},"end":{"line":43,"column":1}},"line":10},"1":{"name":"(anonymous_1)","decl":{"start":{"line":13,"column":36},"end":{"line":13,"column":37}},"loc":{"start":{"line":13,"column":47},"end":{"line":15,"column":5}},"line":13},"2":{"name":"(anonymous_2)","decl":{"start":{"line":17,"column":39},"end":{"line":17,"column":40}},"loc":{"start":{"line":17,"column":50},"end":{"line":19,"column":5}},"line":17},"3":{"name":"(anonymous_3)","decl":{"start":{"line":21,"column":58},"end":{"line":21,"column":59}},"loc":{"start":{"line":21,"column":68},"end":{"line":21,"column":92}},"line":21},"4":{"name":"(anonymous_4)","decl":{"start":{"line":23,"column":62},"end":{"line":23,"column":63}},"loc":{"start":{"line":23,"column":73},"end":{"line":23,"column":101}},"line":23},"5":{"name":"(anonymous_5)","decl":{"start":{"line":25,"column":52},"end":{"line":25,"column":53}},"loc":{"start":{"line":25,"column":59},"end":{"line":25,"column":68}},"line":25}},"branchMap":{"0":{"loc":{"start":{"line":23,"column":73},"end":{"line":23,"column":101}},"type":"binary-expr","locations":[{"start":{"line":23,"column":73},"end":{"line":23,"column":90}},{"start":{"line":23,"column":94},"end":{"line":23,"column":101}}],"line":23},"1":{"loc":{"start":{"line":29,"column":13},"end":{"line":29,"column":78}},"type":"cond-expr","locations":[{"start":{"line":29,"column":27},"end":{"line":29,"column":58}},{"start":{"line":29,"column":61},"end":{"line":29,"column":78}}],"line":29},"2":{"loc":{"start":{"line":30,"column":13},"end":{"line":30,"column":126}},"type":"cond-expr","locations":[{"start":{"line":30,"column":31},"end":{"line":30,"column":103}},{"start":{"line":30,"column":106},"end":{"line":30,"column":126}}],"line":30}},"s":{"0":0,"1":0,"2":0,"3":0,"4":0,"5":0,"6":0,"7":0,"8":0,"9":0,"10":0,"11":0},"f":{"0":0,"1":0,"2":0,"3":0,"4":0,"5":0},"b":{"0":[0,0],"1":[0,0],"2":[0,0]}}
,"C:\\Users\\Mike\\Desktop\\WebDev\\myWebProjects\\react-practice\\menu\\menu-order\\src\\pages\\ResultsPage.js": {"path":"C:\\Users\\Mike\\Desktop\\WebDev\\myWebProjects\\react-practice\\menu\\menu-order\\src\\pages\\ResultsPage.js","statementMap":{"0":{"start":{"line":10,"column":20},"end":{"line":12,"column":6}},"1":{"start":{"line":11,"column":8},"end":{"line":11,"column":27}},"2":{"start":{"line":15,"column":21},"end":{"line":15,"column":96}},"3":{"start":{"line":15,"column":65},"end":{"line":15,"column":76}},"4":{"start":{"line":15,"column":89},"end":{"line":15,"column":95}},"5":{"start":{"line":17,"column":4},"end":{"line":19,"column":5}},"6":{"start":{"line":18,"column":8},"end":{"line":18,"column":36}},"7":{"start":{"line":21,"column":4},"end":{"line":32,"column":5}}},"fnMap":{"0":{"name":"ResultsPage","decl":{"start":{"line":8,"column":24},"end":{"line":8,"column":35}},"loc":{"start":{"line":8,"column":38},"end":{"line":33,"column":1}},"line":8},"1":{"name":"(anonymous_1)","decl":{"start":{"line":10,"column":32},"end":{"line":10,"column":33}},"loc":{"start":{"line":10,"column":43},"end":{"line":12,"column":5}},"line":10},"2":{"name":"(anonymous_2)","decl":{"start":{"line":15,"column":57},"end":{"line":15,"column":58}},"loc":{"start":{"line":15,"column":65},"end":{"line":15,"column":76}},"line":15},"3":{"name":"(anonymous_3)","decl":{"start":{"line":15,"column":82},"end":{"line":15,"column":83}},"loc":{"start":{"line":15,"column":89},"end":{"line":15,"column":95}},"line":15}},"branchMap":{"0":{"loc":{"start":{"line":17,"column":4},"end":{"line":19,"column":5}},"type":"if","locations":[{"start":{"line":17,"column":4},"end":{"line":19,"column":5}},{"start":{},"end":{}}],"line":17},"1":{"loc":{"start":{"line":17,"column":7},"end":{"line":17,"column":40}},"type":"binary-expr","locations":[{"start":{"line":17,"column":7},"end":{"line":17,"column":15}},{"start":{"line":17,"column":19},"end":{"line":17,"column":40}}],"line":17},"2":{"loc":{"start":{"line":25,"column":13},"end":{"line":25,"column":71}},"type":"cond-expr","locations":[{"start":{"line":25,"column":24},"end":{"line":25,"column":51}},{"start":{"line":25,"column":54},"end":{"line":25,"column":71}}],"line":25},"3":{"loc":{"start":{"line":26,"column":13},"end":{"line":26,"column":122}},"type":"cond-expr","locations":[{"start":{"line":26,"column":31},"end":{"line":26,"column":100}},{"start":{"line":26,"column":103},"end":{"line":26,"column":122}}],"line":26}},"s":{"0":0,"1":0,"2":0,"3":0,"4":0,"5":0,"6":0,"7":0},"f":{"0":0,"1":0,"2":0,"3":0},"b":{"0":[0,0],"1":[0,0],"2":[0,0],"3":[0,0]}}
,"C:\\Users\\Mike\\Desktop\\WebDev\\myWebProjects\\react-practice\\menu\\menu-order\\src\\store\\index.js": {"path":"C:\\Users\\Mike\\Desktop\\WebDev\\myWebProjects\\react-practice\\menu\\menu-order\\src\\store\\index.js","statementMap":{"0":{"start":{"line":9,"column":14},"end":{"line":17,"column":2}}},"fnMap":{},"branchMap":{},"s":{"0":0},"f":{},"b":{}}
,"C:\\Users\\Mike\\Desktop\\WebDev\\myWebProjects\\react-practice\\menu\\menu-order\\src\\store\\slices\\cartsSlice.js": {"path":"C:\\Users\\Mike\\Desktop\\WebDev\\myWebProjects\\react-practice\\menu\\menu-order\\src\\store\\slices\\cartsSlice.js","statementMap":{"0":{"start":{"line":3,"column":26},"end":{"line":31,"column":2}},"1":{"start":{"line":9,"column":12},"end":{"line":9,"column":38}},"2":{"start":{"line":13,"column":26},"end":{"line":13,"column":92}},"3":{"start":{"line":13,"column":65},"end":{"line":13,"column":91}},"4":{"start":{"line":14,"column":12},"end":{"line":14,"column":34}},"5":{"start":{"line":18,"column":25},"end":{"line":18,"column":39}},"6":{"start":{"line":21,"column":12},"end":{"line":27,"column":14}},"7":{"start":{"line":22,"column":16},"end":{"line":25,"column":17}},"8":{"start":{"line":23,"column":20},"end":{"line":23,"column":59}},"9":{"start":{"line":24,"column":20},"end":{"line":24,"column":51}},"10":{"start":{"line":33,"column":61},"end":{"line":33,"column":79}},"11":{"start":{"line":34,"column":28},"end":{"line":34,"column":46}}},"fnMap":{"0":{"name":"(anonymous_0)","decl":{"start":{"line":7,"column":19},"end":{"line":7,"column":20}},"loc":{"start":{"line":7,"column":38},"end":{"line":10,"column":9}},"line":7},"1":{"name":"(anonymous_1)","decl":{"start":{"line":11,"column":24},"end":{"line":11,"column":25}},"loc":{"start":{"line":11,"column":43},"end":{"line":15,"column":9}},"line":11},"2":{"name":"(anonymous_2)","decl":{"start":{"line":13,"column":57},"end":{"line":13,"column":58}},"loc":{"start":{"line":13,"column":65},"end":{"line":13,"column":91}},"line":13},"3":{"name":"(anonymous_3)","decl":{"start":{"line":16,"column":24},"end":{"line":16,"column":25}},"loc":{"start":{"line":16,"column":43},"end":{"line":28,"column":9}},"line":16},"4":{"name":"(anonymous_4)","decl":{"start":{"line":21,"column":38},"end":{"line":21,"column":39}},"loc":{"start":{"line":21,"column":46},"end":{"line":27,"column":13}},"line":21}},"branchMap":{"0":{"loc":{"start":{"line":22,"column":16},"end":{"line":25,"column":17}},"type":"if","locations":[{"start":{"line":22,"column":16},"end":{"line":25,"column":17}},{"start":{},"end":{}}],"line":22}},"s":{"0":0,"1":0,"2":0,"3":0,"4":0,"5":0,"6":0,"7":0,"8":0,"9":0,"10":0,"11":0},"f":{"0":0,"1":0,"2":0,"3":0,"4":0},"b":{"0":[0,0]}}
,"C:\\Users\\Mike\\Desktop\\WebDev\\myWebProjects\\react-practice\\menu\\menu-order\\src\\store\\slices\\historySlice.js": {"path":"C:\\Users\\Mike\\Desktop\\WebDev\\myWebProjects\\react-practice\\menu\\menu-order\\src\\store\\slices\\historySlice.js","statementMap":{"0":{"start":{"line":3,"column":21},"end":{"line":3,"column":71}},"1":{"start":{"line":5,"column":21},"end":{"line":16,"column":2}},"2":{"start":{"line":10,"column":12},"end":{"line":10,"column":41}},"3":{"start":{"line":13,"column":12},"end":{"line":13,"column":32}},"4":{"start":{"line":18,"column":44},"end":{"line":18,"column":64}},"5":{"start":{"line":19,"column":30},"end":{"line":19,"column":50}}},"fnMap":{"0":{"name":"(anonymous_0)","decl":{"start":{"line":9,"column":8},"end":{"line":9,"column":9}},"loc":{"start":{"line":9,"column":34},"end":{"line":11,"column":9}},"line":9},"1":{"name":"(anonymous_1)","decl":{"start":{"line":12,"column":8},"end":{"line":12,"column":9}},"loc":{"start":{"line":12,"column":36},"end":{"line":14,"column":9}},"line":12}},"branchMap":{},"s":{"0":0,"1":0,"2":0,"3":0,"4":0,"5":0},"f":{"0":0,"1":0},"b":{}}
,"C:\\Users\\Mike\\Desktop\\WebDev\\myWebProjects\\react-practice\\menu\\menu-order\\src\\store\\slices\\reviewsSlice.js": {"path":"C:\\Users\\Mike\\Desktop\\WebDev\\myWebProjects\\react-practice\\menu\\menu-order\\src\\store\\slices\\reviewsSlice.js","statementMap":{"0":{"start":{"line":3,"column":20},"end":{"line":12,"column":2}},"1":{"start":{"line":9,"column":12},"end":{"line":9,"column":38}},"2":{"start":{"line":14,"column":28},"end":{"line":14,"column":47}},"3":{"start":{"line":15,"column":29},"end":{"line":15,"column":48}}},"fnMap":{"0":{"name":"(anonymous_0)","decl":{"start":{"line":7,"column":8},"end":{"line":7,"column":9}},"loc":{"start":{"line":7,"column":34},"end":{"line":10,"column":9}},"line":7}},"branchMap":{},"s":{"0":0,"1":0,"2":0,"3":0},"f":{"0":0},"b":{}}
,"C:\\Users\\Mike\\Desktop\\WebDev\\myWebProjects\\react-practice\\menu\\menu-order\\src\\store\\slices\\searchSlice.js": {"path":"C:\\Users\\Mike\\Desktop\\WebDev\\myWebProjects\\react-practice\\menu\\menu-order\\src\\store\\slices\\searchSlice.js","statementMap":{"0":{"start":{"line":5,"column":21},"end":{"line":10,"column":1}},"1":{"start":{"line":13,"column":20},"end":{"line":37,"column":2}},"2":{"start":{"line":24,"column":12},"end":{"line":24,"column":55}},"3":{"start":{"line":27,"column":12},"end":{"line":27,"column":45}},"4":{"start":{"line":28,"column":12},"end":{"line":28,"column":45}},"5":{"start":{"line":34,"column":12},"end":{"line":34,"column":32}},"6":{"start":{"line":39,"column":35},"end":{"line":39,"column":54}},"7":{"start":{"line":40,"column":29},"end":{"line":40,"column":48}}},"fnMap":{"0":{"name":"(anonymous_0)","decl":{"start":{"line":18,"column":8},"end":{"line":18,"column":9}},"loc":{"start":{"line":18,"column":34},"end":{"line":30,"column":9}},"line":18},"1":{"name":"(anonymous_1)","decl":{"start":{"line":33,"column":8},"end":{"line":33,"column":9}},"loc":{"start":{"line":33,"column":29},"end":{"line":35,"column":9}},"line":33}},"branchMap":{},"s":{"0":0,"1":0,"2":0,"3":0,"4":0,"5":0,"6":0,"7":0},"f":{"0":0,"1":0},"b":{}}
,"C:\\Users\\Mike\\Desktop\\WebDev\\myWebProjects\\react-practice\\menu\\menu-order\\src\\store\\slices\\toastsSlice.js": {"path":"C:\\Users\\Mike\\Desktop\\WebDev\\myWebProjects\\react-practice\\menu\\menu-order\\src\\store\\slices\\toastsSlice.js","statementMap":{"0":{"start":{"line":3,"column":21},"end":{"line":6,"column":1}},"1":{"start":{"line":8,"column":27},"end":{"line":21,"column":2}},"2":{"start":{"line":13,"column":12},"end":{"line":13,"column":41}},"3":{"start":{"line":16,"column":26},"end":{"line":16,"column":92}},"4":{"start":{"line":16,"column":65},"end":{"line":16,"column":91}},"5":{"start":{"line":17,"column":12},"end":{"line":17,"column":34}},"6":{"start":{"line":23,"column":41},"end":{"line":23,"column":60}},"7":{"start":{"line":24,"column":29},"end":{"line":24,"column":48}}},"fnMap":{"0":{"name":"(anonymous_0)","decl":{"start":{"line":12,"column":18},"end":{"line":12,"column":19}},"loc":{"start":{"line":12,"column":37},"end":{"line":14,"column":9}},"line":12},"1":{"name":"(anonymous_1)","decl":{"start":{"line":15,"column":21},"end":{"line":15,"column":22}},"loc":{"start":{"line":15,"column":40},"end":{"line":18,"column":9}},"line":15},"2":{"name":"(anonymous_2)","decl":{"start":{"line":16,"column":57},"end":{"line":16,"column":58}},"loc":{"start":{"line":16,"column":65},"end":{"line":16,"column":91}},"line":16}},"branchMap":{},"s":{"0":0,"1":0,"2":0,"3":0,"4":0,"5":0,"6":0,"7":0},"f":{"0":0,"1":0,"2":0},"b":{}}
,"C:\\Users\\Mike\\Desktop\\WebDev\\myWebProjects\\react-practice\\menu\\menu-order\\src\\utility\\helpers.js": {"path":"C:\\Users\\Mike\\Desktop\\WebDev\\myWebProjects\\react-practice\\menu\\menu-order\\src\\utility\\helpers.js","statementMap":{"0":{"start":{"line":1,"column":34},"end":{"line":4,"column":1}},"1":{"start":{"line":3,"column":4},"end":{"line":3,"column":61}},"2":{"start":{"line":3,"column":44},"end":{"line":3,"column":49}},"3":{"start":{"line":8,"column":31},"end":{"line":10,"column":1}},"4":{"start":{"line":9,"column":4},"end":{"line":9,"column":103}},"5":{"start":{"line":14,"column":32},"end":{"line":31,"column":1}},"6":{"start":{"line":15,"column":31},"end":{"line":20,"column":9}},"7":{"start":{"line":16,"column":8},"end":{"line":18,"column":9}},"8":{"start":{"line":17,"column":12},"end":{"line":17,"column":20}},"9":{"start":{"line":19,"column":8},"end":{"line":19,"column":18}},"10":{"start":{"line":22,"column":18},"end":{"line":28,"column":9}},"11":{"start":{"line":23,"column":8},"end":{"line":25,"column":9}},"12":{"start":{"line":24,"column":12},"end":{"line":24,"column":33}},"13":{"start":{"line":26,"column":8},"end":{"line":26,"column":18}},"14":{"start":{"line":30,"column":4},"end":{"line":30,"column":51}}},"fnMap":{"0":{"name":"(anonymous_0)","decl":{"start":{"line":1,"column":34},"end":{"line":1,"column":35}},"loc":{"start":{"line":1,"column":43},"end":{"line":4,"column":1}},"line":1},"1":{"name":"(anonymous_1)","decl":{"start":{"line":3,"column":34},"end":{"line":3,"column":35}},"loc":{"start":{"line":3,"column":44},"end":{"line":3,"column":49}},"line":3},"2":{"name":"(anonymous_2)","decl":{"start":{"line":8,"column":31},"end":{"line":8,"column":32}},"loc":{"start":{"line":8,"column":41},"end":{"line":10,"column":1}},"line":8},"3":{"name":"(anonymous_3)","decl":{"start":{"line":14,"column":32},"end":{"line":14,"column":33}},"loc":{"start":{"line":14,"column":49},"end":{"line":31,"column":1}},"line":14},"4":{"name":"(anonymous_4)","decl":{"start":{"line":15,"column":60},"end":{"line":15,"column":61}},"loc":{"start":{"line":15,"column":75},"end":{"line":20,"column":5}},"line":15},"5":{"name":"(anonymous_5)","decl":{"start":{"line":22,"column":47},"end":{"line":22,"column":48}},"loc":{"start":{"line":22,"column":62},"end":{"line":28,"column":5}},"line":22}},"branchMap":{"0":{"loc":{"start":{"line":16,"column":8},"end":{"line":18,"column":9}},"type":"if","locations":[{"start":{"line":16,"column":8},"end":{"line":18,"column":9}},{"start":{},"end":{}}],"line":16},"1":{"loc":{"start":{"line":23,"column":8},"end":{"line":25,"column":9}},"type":"if","locations":[{"start":{"line":23,"column":8},"end":{"line":25,"column":9}},{"start":{},"end":{}}],"line":23}},"s":{"0":0,"1":0,"2":0,"3":0,"4":0,"5":0,"6":0,"7":0,"8":0,"9":0,"10":0,"11":0,"12":0,"13":0,"14":0},"f":{"0":0,"1":0,"2":0,"3":0,"4":0,"5":0},"b":{"0":[0,0],"1":[0,0]}}
}
